{"/home/travis/build/npmtest/node-npmtest-mochawesome/test.js":{"path":"/home/travis/build/npmtest/node-npmtest-mochawesome/test.js","s":{"1":2,"2":2,"3":2,"4":2,"5":2,"6":2,"7":2,"8":1,"9":2,"10":2,"11":1,"12":1,"13":1,"14":1,"15":2,"16":2,"17":2,"18":2,"19":1,"20":1,"21":2,"22":2,"23":2,"24":1,"25":1,"26":1,"27":1,"28":1,"29":1,"30":1,"31":1,"32":1,"33":1,"34":1,"35":1,"36":1,"37":1,"38":1,"39":2,"40":2,"41":1,"42":2,"43":2,"44":1,"45":2,"46":2,"47":1,"48":2,"49":2,"50":1,"51":1,"52":1,"53":1,"54":1},"b":{"1":[2,1,1,1],"2":[1,1,1,1],"3":[1,1],"4":[1,1],"5":[1,1],"6":[1,1],"7":[1,1],"8":[1,1],"9":[1,1],"10":[1,1,1],"11":[1,1],"12":[1,1],"13":[1,1],"14":[1,1],"15":[1,1],"16":[1,1],"17":[1,1]},"f":{"1":2,"2":2,"3":2,"4":2,"5":2,"6":1,"7":1,"8":1,"9":2,"10":2,"11":2,"12":2,"13":1},"fnMap":{"1":{"name":"(anonymous_1)","line":12,"loc":{"start":{"line":12,"column":1},"end":{"line":12,"column":13}}},"2":{"name":"(anonymous_2)","line":19,"loc":{"start":{"line":19,"column":5},"end":{"line":19,"column":17}}},"3":{"name":"(anonymous_3)","line":23,"loc":{"start":{"line":23,"column":24},"end":{"line":23,"column":36}}},"4":{"name":"(anonymous_4)","line":61,"loc":{"start":{"line":61,"column":5},"end":{"line":61,"column":17}}},"5":{"name":"(anonymous_5)","line":82,"loc":{"start":{"line":82,"column":5},"end":{"line":82,"column":17}}},"6":{"name":"(anonymous_6)","line":91,"loc":{"start":{"line":91,"column":77},"end":{"line":94,"column":10}}},"7":{"name":"(anonymous_7)","line":112,"loc":{"start":{"line":112,"column":83},"end":{"line":115,"column":10}},"skip":true},"8":{"name":"(anonymous_8)","line":123,"loc":{"start":{"line":123,"column":77},"end":{"line":126,"column":10}},"skip":true},"9":{"name":"(anonymous_9)","line":139,"loc":{"start":{"line":139,"column":12},"end":{"line":139,"column":40}},"skip":true},"10":{"name":"(anonymous_10)","line":147,"loc":{"start":{"line":147,"column":77},"end":{"line":150,"column":10}},"skip":true},"11":{"name":"(anonymous_11)","line":158,"loc":{"start":{"line":158,"column":83},"end":{"line":161,"column":10}},"skip":true},"12":{"name":"(anonymous_12)","line":169,"loc":{"start":{"line":169,"column":79},"end":{"line":172,"column":10}},"skip":true},"13":{"name":"(anonymous_13)","line":180,"loc":{"start":{"line":180,"column":75},"end":{"line":183,"column":10}},"skip":true}},"statementMap":{"1":{"start":{"line":12,"column":0},"end":{"line":195,"column":5}},"2":{"start":{"line":14,"column":4},"end":{"line":14,"column":14}},"3":{"start":{"line":19,"column":4},"end":{"line":56,"column":9}},"4":{"start":{"line":21,"column":8},"end":{"line":21,"column":19}},"5":{"start":{"line":23,"column":8},"end":{"line":35,"column":13}},"6":{"start":{"line":24,"column":12},"end":{"line":34,"column":13}},"7":{"start":{"line":25,"column":16},"end":{"line":28,"column":30}},"8":{"start":{"line":30,"column":16},"end":{"line":33,"column":27}},"9":{"start":{"line":37,"column":8},"end":{"line":39,"column":21}},"10":{"start":{"line":40,"column":8},"end":{"line":53,"column":9}},"11":{"start":{"line":43,"column":12},"end":{"line":46,"column":14}},"12":{"start":{"line":47,"column":12},"end":{"line":47,"column":18}},"13":{"start":{"line":50,"column":12},"end":{"line":51,"column":46}},"14":{"start":{"line":52,"column":12},"end":{"line":52,"column":18}},"15":{"start":{"line":55,"column":8},"end":{"line":55,"column":35}},"16":{"start":{"line":61,"column":4},"end":{"line":63,"column":9}},"17":{"start":{"line":62,"column":8},"end":{"line":62,"column":15}},"18":{"start":{"line":64,"column":4},"end":{"line":77,"column":5}},"19":{"start":{"line":70,"column":8},"end":{"line":70,"column":14}},"20":{"start":{"line":76,"column":8},"end":{"line":76,"column":14}},"21":{"start":{"line":82,"column":4},"end":{"line":84,"column":9}},"22":{"start":{"line":83,"column":8},"end":{"line":83,"column":15}},"23":{"start":{"line":85,"column":4},"end":{"line":194,"column":5}},"24":{"start":{"line":91,"column":8},"end":{"line":99,"column":10}},"25":{"start":{"line":98,"column":12},"end":{"line":98,"column":35}},"26":{"start":{"line":102,"column":8},"end":{"line":104,"column":63}},"27":{"start":{"line":105,"column":8},"end":{"line":105,"column":14}},"28":{"start":{"line":112,"column":8},"end":{"line":121,"column":10},"skip":true},"29":{"start":{"line":119,"column":12},"end":{"line":119,"column":55},"skip":true},"30":{"start":{"line":120,"column":12},"end":{"line":120,"column":48},"skip":true},"31":{"start":{"line":123,"column":8},"end":{"line":136,"column":10},"skip":true},"32":{"start":{"line":130,"column":12},"end":{"line":130,"column":76},"skip":true},"33":{"start":{"line":131,"column":12},"end":{"line":131,"column":73},"skip":true},"34":{"start":{"line":132,"column":12},"end":{"line":132,"column":74},"skip":true},"35":{"start":{"line":133,"column":12},"end":{"line":133,"column":79},"skip":true},"36":{"start":{"line":134,"column":12},"end":{"line":134,"column":25},"skip":true},"37":{"start":{"line":135,"column":12},"end":{"line":135,"column":45},"skip":true},"38":{"start":{"line":138,"column":8},"end":{"line":145,"column":14},"skip":true},"39":{"start":{"line":143,"column":16},"end":{"line":143,"column":29},"skip":true},"40":{"start":{"line":144,"column":16},"end":{"line":144,"column":55},"skip":true},"41":{"start":{"line":147,"column":8},"end":{"line":156,"column":10},"skip":true},"42":{"start":{"line":154,"column":12},"end":{"line":154,"column":25},"skip":true},"43":{"start":{"line":155,"column":12},"end":{"line":155,"column":45},"skip":true},"44":{"start":{"line":158,"column":8},"end":{"line":167,"column":10},"skip":true},"45":{"start":{"line":165,"column":12},"end":{"line":165,"column":25},"skip":true},"46":{"start":{"line":166,"column":12},"end":{"line":166,"column":48},"skip":true},"47":{"start":{"line":169,"column":8},"end":{"line":178,"column":10},"skip":true},"48":{"start":{"line":176,"column":12},"end":{"line":176,"column":25},"skip":true},"49":{"start":{"line":177,"column":12},"end":{"line":177,"column":46},"skip":true},"50":{"start":{"line":180,"column":8},"end":{"line":189,"column":10},"skip":true},"51":{"start":{"line":187,"column":12},"end":{"line":187,"column":94},"skip":true},"52":{"start":{"line":188,"column":12},"end":{"line":188,"column":48},"skip":true},"53":{"start":{"line":192,"column":8},"end":{"line":192,"column":35},"skip":true},"54":{"start":{"line":193,"column":8},"end":{"line":193,"column":14},"skip":true}},"branchMap":{"1":{"line":25,"type":"binary-expr","locations":[{"start":{"line":25,"column":23},"end":{"line":25,"column":62}},{"start":{"line":26,"column":20},"end":{"line":26,"column":70}},{"start":{"line":27,"column":20},"end":{"line":27,"column":71}},{"start":{"line":28,"column":20},"end":{"line":28,"column":29}}]},"2":{"line":30,"type":"binary-expr","locations":[{"start":{"line":30,"column":23},"end":{"line":30,"column":37}},{"start":{"line":31,"column":20},"end":{"line":31,"column":61}},{"start":{"line":32,"column":20},"end":{"line":32,"column":70}},{"start":{"line":33,"column":20},"end":{"line":33,"column":26}}]},"3":{"line":37,"type":"cond-expr","locations":[{"start":{"line":38,"column":14},"end":{"line":38,"column":20}},{"start":{"line":39,"column":14},"end":{"line":39,"column":20}}]},"4":{"line":40,"type":"switch","locations":[{"start":{"line":42,"column":8},"end":{"line":47,"column":18}},{"start":{"line":49,"column":8},"end":{"line":52,"column":18}}]},"5":{"line":44,"type":"binary-expr","locations":[{"start":{"line":44,"column":16},"end":{"line":44,"column":44}},{"start":{"line":44,"column":48},"end":{"line":44,"column":66}}]},"6":{"line":50,"type":"binary-expr","locations":[{"start":{"line":50,"column":21},"end":{"line":50,"column":49}},{"start":{"line":50,"column":53},"end":{"line":50,"column":72}}]},"7":{"line":64,"type":"switch","locations":[{"start":{"line":69,"column":4},"end":{"line":70,"column":14}},{"start":{"line":75,"column":4},"end":{"line":76,"column":14}}]},"8":{"line":85,"type":"switch","locations":[{"start":{"line":90,"column":4},"end":{"line":105,"column":14}},{"start":{"line":111,"column":4},"end":{"line":193,"column":14},"skip":true}]},"9":{"line":91,"type":"binary-expr","locations":[{"start":{"line":91,"column":42},"end":{"line":91,"column":73}},{"start":{"line":91,"column":77},"end":{"line":99,"column":9}}]},"10":{"line":102,"type":"binary-expr","locations":[{"start":{"line":102,"column":18},"end":{"line":102,"column":32}},{"start":{"line":103,"column":12},"end":{"line":103,"column":53}},{"start":{"line":104,"column":12},"end":{"line":104,"column":61}}]},"11":{"line":112,"type":"binary-expr","locations":[{"start":{"line":112,"column":45},"end":{"line":112,"column":79},"skip":true},{"start":{"line":112,"column":83},"end":{"line":121,"column":9},"skip":true}]},"12":{"line":123,"type":"binary-expr","locations":[{"start":{"line":123,"column":42},"end":{"line":123,"column":73},"skip":true},{"start":{"line":123,"column":77},"end":{"line":136,"column":9},"skip":true}]},"13":{"line":138,"type":"binary-expr","locations":[{"start":{"line":138,"column":48},"end":{"line":138,"column":85},"skip":true},{"start":{"line":139,"column":12},"end":{"line":145,"column":13},"skip":true}]},"14":{"line":147,"type":"binary-expr","locations":[{"start":{"line":147,"column":42},"end":{"line":147,"column":73},"skip":true},{"start":{"line":147,"column":77},"end":{"line":156,"column":9},"skip":true}]},"15":{"line":158,"type":"binary-expr","locations":[{"start":{"line":158,"column":45},"end":{"line":158,"column":79},"skip":true},{"start":{"line":158,"column":83},"end":{"line":167,"column":9},"skip":true}]},"16":{"line":169,"type":"binary-expr","locations":[{"start":{"line":169,"column":43},"end":{"line":169,"column":75},"skip":true},{"start":{"line":169,"column":79},"end":{"line":178,"column":9},"skip":true}]},"17":{"line":180,"type":"binary-expr","locations":[{"start":{"line":180,"column":41},"end":{"line":180,"column":71},"skip":true},{"start":{"line":180,"column":75},"end":{"line":189,"column":9},"skip":true}]}},"code":["/* istanbul instrument in package npmtest_mochawesome */","/*jslint","    bitwise: true,","    browser: true,","    maxerr: 8,","    maxlen: 96,","    node: true,","    nomen: true,","    regexp: true,","    stupid: true","*/","(function () {","    'use strict';","    var local;","","","","    // run shared js-env code - pre-init","    (function () {","        // init local","        local = {};","        // init modeJs","        local.modeJs = (function () {","            try {","                return typeof navigator.userAgent === 'string' &&","                    typeof document.querySelector('body') === 'object' &&","                    typeof XMLHttpRequest.prototype.open === 'function' &&","                    'browser';","            } catch (errorCaughtBrowser) {","                return module.exports &&","                    typeof process.versions.node === 'string' &&","                    typeof require('http').createServer === 'function' &&","                    'node';","            }","        }());","        // init global","        local.global = local.modeJs === 'browser'","            ? window","            : global;","        switch (local.modeJs) {","        // re-init local from window.local","        case 'browser':","            local = local.global.utility2.objectSetDefault(","                local.global.utility2_rollup || local.global.local,","                local.global.utility2","            );","            break;","        // re-init local from example.js","        case 'node':","            local = (local.global.utility2_rollup || require('utility2'))","                .requireExampleJsFromReadme();","            break;","        }","        // export local","        local.global.local = local;","    }());","","","","    // run shared js-env code - function","    (function () {","        return;","    }());","    switch (local.modeJs) {","","","","    // run browser js-env code - function","    case 'browser':","        break;","","","","    // run node js-env code - function","    case 'node':","        break;","    }","","","","    // run shared js-env code - post-init","    (function () {","        return;","    }());","    switch (local.modeJs) {","","","","    // run browser js-env code - post-init","    case 'browser':","        local.testCase_browser_nullCase = local.testCase_browser_nullCase || function (","            options,","            onError","        ) {","        /*","         * this function will test browsers's null-case handling-behavior-behavior","         */","            onError(null, options);","        };","","        // run tests","        local.nop(local.modeTest &&","            document.querySelector('#testRunButton1') &&","            document.querySelector('#testRunButton1').click());","        break;","","","","    // run node js-env code - post-init","    /* istanbul ignore next */","    case 'node':","        local.testCase_buildApidoc_default = local.testCase_buildApidoc_default || function (","            options,","            onError","        ) {","        /*","         * this function will test buildApidoc's default handling-behavior-behavior","         */","            options = { modulePathList: module.paths };","            local.buildApidoc(options, onError);","        };","","        local.testCase_buildApp_default = local.testCase_buildApp_default || function (","            options,","            onError","        ) {","        /*","         * this function will test buildApp's default handling-behavior-behavior","         */","            local.testCase_buildReadme_default(options, local.onErrorThrow);","            local.testCase_buildLib_default(options, local.onErrorThrow);","            local.testCase_buildTest_default(options, local.onErrorThrow);","            local.testCase_buildCustomOrg_default(options, local.onErrorThrow);","            options = [];","            local.buildApp(options, onError);","        };","","        local.testCase_buildCustomOrg_default = local.testCase_buildCustomOrg_default ||","            function (options, onError) {","            /*","             * this function will test buildCustomOrg's default handling-behavior","             */","                options = {};","                local.buildCustomOrg(options, onError);","            };","","        local.testCase_buildLib_default = local.testCase_buildLib_default || function (","            options,","            onError","        ) {","        /*","         * this function will test buildLib's default handling-behavior","         */","            options = {};","            local.buildLib(options, onError);","        };","","        local.testCase_buildReadme_default = local.testCase_buildReadme_default || function (","            options,","            onError","        ) {","        /*","         * this function will test buildReadme's default handling-behavior-behavior","         */","            options = {};","            local.buildReadme(options, onError);","        };","","        local.testCase_buildTest_default = local.testCase_buildTest_default || function (","            options,","            onError","        ) {","        /*","         * this function will test buildTest's default handling-behavior","         */","            options = {};","            local.buildTest(options, onError);","        };","","        local.testCase_webpage_default = local.testCase_webpage_default || function (","            options,","            onError","        ) {","        /*","         * this function will test webpage's default handling-behavior","         */","            options = { modeCoverageMerge: true, url: local.serverLocalHost + '?modeTest=1' };","            local.browserTest(options, onError);","        };","","        // run test-server","        local.testRunServer(local);","        break;","    }","}());",""],"l":{"12":2,"14":2,"19":2,"21":2,"23":2,"24":2,"25":2,"30":1,"37":2,"40":2,"43":1,"47":1,"50":1,"52":1,"55":2,"61":2,"62":2,"64":2,"70":1,"76":1,"82":2,"83":2,"85":2,"91":1,"98":1,"102":1,"105":1,"112":1,"119":1,"120":1,"123":1,"130":1,"131":1,"132":1,"133":1,"134":1,"135":1,"138":1,"143":2,"144":2,"147":1,"154":2,"155":2,"158":1,"165":2,"166":2,"169":1,"176":2,"177":2,"180":1,"187":1,"188":1,"192":1,"193":1}},"/home/travis/build/npmtest/node-npmtest-mochawesome/lib.npmtest_mochawesome.js":{"path":"/home/travis/build/npmtest/node-npmtest-mochawesome/lib.npmtest_mochawesome.js","s":{"1":2,"2":2,"3":2,"4":2,"5":2,"6":2,"7":2,"8":1,"9":2,"10":2,"11":2,"12":2,"13":1,"14":1,"15":1,"16":1},"b":{"1":[2,1,1,1],"2":[1,1,1,1],"3":[1,1],"4":[2,2],"5":[1,1]},"f":{"1":2,"2":2,"3":2},"fnMap":{"1":{"name":"(anonymous_1)","line":12,"loc":{"start":{"line":12,"column":1},"end":{"line":12,"column":13}}},"2":{"name":"(anonymous_2)","line":19,"loc":{"start":{"line":19,"column":5},"end":{"line":19,"column":17}}},"3":{"name":"(anonymous_3)","line":23,"loc":{"start":{"line":23,"column":24},"end":{"line":23,"column":36}}}},"statementMap":{"1":{"start":{"line":12,"column":0},"end":{"line":53,"column":5}},"2":{"start":{"line":14,"column":4},"end":{"line":14,"column":14}},"3":{"start":{"line":19,"column":4},"end":{"line":52,"column":9}},"4":{"start":{"line":21,"column":8},"end":{"line":21,"column":19}},"5":{"start":{"line":23,"column":8},"end":{"line":35,"column":13}},"6":{"start":{"line":24,"column":12},"end":{"line":34,"column":13}},"7":{"start":{"line":25,"column":16},"end":{"line":28,"column":30}},"8":{"start":{"line":30,"column":16},"end":{"line":33,"column":27}},"9":{"start":{"line":37,"column":8},"end":{"line":39,"column":21}},"10":{"start":{"line":41,"column":8},"end":{"line":41,"column":54}},"11":{"start":{"line":43,"column":8},"end":{"line":43,"column":56}},"12":{"start":{"line":45,"column":8},"end":{"line":51,"column":9}},"13":{"start":{"line":46,"column":12},"end":{"line":46,"column":62}},"14":{"start":{"line":48,"column":12},"end":{"line":48,"column":35}},"15":{"start":{"line":49,"column":12},"end":{"line":49,"column":49}},"16":{"start":{"line":50,"column":12},"end":{"line":50,"column":43}}},"branchMap":{"1":{"line":25,"type":"binary-expr","locations":[{"start":{"line":25,"column":23},"end":{"line":25,"column":62}},{"start":{"line":26,"column":20},"end":{"line":26,"column":70}},{"start":{"line":27,"column":20},"end":{"line":27,"column":71}},{"start":{"line":28,"column":20},"end":{"line":28,"column":29}}]},"2":{"line":30,"type":"binary-expr","locations":[{"start":{"line":30,"column":23},"end":{"line":30,"column":37}},{"start":{"line":31,"column":20},"end":{"line":31,"column":61}},{"start":{"line":32,"column":20},"end":{"line":32,"column":70}},{"start":{"line":33,"column":20},"end":{"line":33,"column":26}}]},"3":{"line":37,"type":"cond-expr","locations":[{"start":{"line":38,"column":14},"end":{"line":38,"column":20}},{"start":{"line":39,"column":14},"end":{"line":39,"column":20}}]},"4":{"line":41,"type":"binary-expr","locations":[{"start":{"line":41,"column":16},"end":{"line":41,"column":44}},{"start":{"line":41,"column":48},"end":{"line":41,"column":53}}]},"5":{"line":45,"type":"if","locations":[{"start":{"line":45,"column":8},"end":{"line":45,"column":8}},{"start":{"line":45,"column":8},"end":{"line":45,"column":8}}]}},"code":["/* istanbul instrument in package npmtest_mochawesome */","/*jslint","    bitwise: true,","    browser: true,","    maxerr: 8,","    maxlen: 96,","    node: true,","    nomen: true,","    regexp: true,","    stupid: true","*/","(function () {","    'use strict';","    var local;","","","","    // run shared js-env code - pre-init","    (function () {","        // init local","        local = {};","        // init modeJs","        local.modeJs = (function () {","            try {","                return typeof navigator.userAgent === 'string' &&","                    typeof document.querySelector('body') === 'object' &&","                    typeof XMLHttpRequest.prototype.open === 'function' &&","                    'browser';","            } catch (errorCaughtBrowser) {","                return module.exports &&","                    typeof process.versions.node === 'string' &&","                    typeof require('http').createServer === 'function' &&","                    'node';","            }","        }());","        // init global","        local.global = local.modeJs === 'browser'","            ? window","            : global;","        // init utility2_rollup","        local = local.global.utility2_rollup || local;","        // init lib","        local.local = local.npmtest_mochawesome = local;","        // init exports","        if (local.modeJs === 'browser') {","            local.global.utility2_npmtest_mochawesome = local;","        } else {","            module.exports = local;","            module.exports.__dirname = __dirname;","            module.exports.module = module;","        }","    }());","}());",""],"l":{"12":2,"14":2,"19":2,"21":2,"23":2,"24":2,"25":2,"30":1,"37":2,"41":2,"43":2,"45":2,"46":1,"48":1,"49":1,"50":1}},"/home/travis/build/npmtest/node-npmtest-mochawesome/example.js":{"path":"/home/travis/build/npmtest/node-npmtest-mochawesome/example.js","s":{"1":2,"2":2,"3":2,"4":2,"5":2,"6":2,"7":2,"8":1,"9":2,"10":2,"11":2,"12":2,"13":1,"14":2,"15":2,"16":2,"17":2,"18":2,"19":0,"20":2,"21":1,"22":1,"23":1,"24":1,"25":1,"26":0,"27":0,"28":1,"29":1,"30":2,"31":0,"32":0,"33":0,"34":1,"35":2,"36":2,"37":3,"38":3,"39":3,"40":3,"41":0,"42":3,"43":3,"44":3,"45":1,"46":3,"47":1,"48":1,"49":1,"50":1,"51":1,"52":1,"53":1,"54":1,"55":1,"56":1,"57":0,"58":1,"59":6,"60":6,"61":1,"62":2,"63":0,"64":2,"65":1,"66":1,"67":0,"68":0,"69":0,"70":0,"71":0,"72":0,"73":0,"74":0,"75":0,"76":0,"77":0,"78":0,"79":0,"80":0,"81":0,"82":0,"83":0},"b":{"1":[2,1,1,1],"2":[1,1,1,1],"3":[1,1],"4":[2,2],"5":[1,1],"6":[1,1],"7":[2,0],"8":[2,1,1,1,1,1],"9":[0,2,0],"10":[1,1],"11":[2,1,1],"12":[1,0],"13":[0,2],"14":[2,0,0,0,0,0,0],"15":[0,3],"16":[3,0],"17":[1,1],"18":[0,1],"19":[1,2,0,2],"20":[1,0],"21":[1,1],"22":[0,0],"23":[0,0],"24":[0,0],"25":[0,0],"26":[0,0],"27":[0,0],"28":[0,0]},"f":{"1":2,"2":2,"3":2,"4":2,"5":2,"6":2,"7":3,"8":3,"9":3,"10":1,"11":6,"12":0},"fnMap":{"1":{"name":"(anonymous_1)","line":26,"loc":{"start":{"line":26,"column":1},"end":{"line":26,"column":13}}},"2":{"name":"(anonymous_2)","line":33,"loc":{"start":{"line":33,"column":5},"end":{"line":33,"column":17}}},"3":{"name":"(anonymous_3)","line":37,"loc":{"start":{"line":37,"column":24},"end":{"line":37,"column":36}}},"4":{"name":"(anonymous_4)","line":69,"loc":{"start":{"line":69,"column":31},"end":{"line":69,"column":48}},"skip":true},"5":{"name":"(anonymous_5)","line":78,"loc":{"start":{"line":78,"column":26},"end":{"line":78,"column":45}},"skip":true},"6":{"name":"(anonymous_6)","line":123,"loc":{"start":{"line":123,"column":33},"end":{"line":123,"column":48}},"skip":true},"7":{"name":"(anonymous_7)","line":125,"loc":{"start":{"line":125,"column":27},"end":{"line":125,"column":39}},"skip":true},"8":{"name":"(anonymous_8)","line":133,"loc":{"start":{"line":133,"column":59},"end":{"line":133,"column":74}},"skip":true},"9":{"name":"(anonymous_9)","line":143,"loc":{"start":{"line":143,"column":45},"end":{"line":143,"column":62}},"skip":true},"10":{"name":"(anonymous_10)","line":144,"loc":{"start":{"line":144,"column":73},"end":{"line":144,"column":92}},"skip":true},"11":{"name":"(anonymous_11)","line":272,"loc":{"start":{"line":272,"column":51},"end":{"line":272,"column":77}},"skip":true},"12":{"name":"(anonymous_12)","line":315,"loc":{"start":{"line":315,"column":32},"end":{"line":315,"column":61}},"skip":true}},"statementMap":{"1":{"start":{"line":26,"column":0},"end":{"line":326,"column":5}},"2":{"start":{"line":28,"column":4},"end":{"line":28,"column":14}},"3":{"start":{"line":33,"column":4},"end":{"line":60,"column":9}},"4":{"start":{"line":35,"column":8},"end":{"line":35,"column":19}},"5":{"start":{"line":37,"column":8},"end":{"line":49,"column":13}},"6":{"start":{"line":38,"column":12},"end":{"line":48,"column":13}},"7":{"start":{"line":39,"column":16},"end":{"line":42,"column":30}},"8":{"start":{"line":44,"column":16},"end":{"line":47,"column":27}},"9":{"start":{"line":51,"column":8},"end":{"line":53,"column":21}},"10":{"start":{"line":55,"column":8},"end":{"line":57,"column":45}},"11":{"start":{"line":59,"column":8},"end":{"line":59,"column":35}},"12":{"start":{"line":61,"column":4},"end":{"line":325,"column":5}},"13":{"start":{"line":69,"column":8},"end":{"line":121,"column":10},"skip":true},"14":{"start":{"line":70,"column":12},"end":{"line":88,"column":13},"skip":true},"15":{"start":{"line":76,"column":16},"end":{"line":87,"column":19},"skip":true},"16":{"start":{"line":79,"column":20},"end":{"line":86,"column":21},"skip":true},"17":{"start":{"line":82,"column":24},"end":{"line":82,"column":43},"skip":true},"18":{"start":{"line":83,"column":24},"end":{"line":83,"column":30},"skip":true},"19":{"start":{"line":85,"column":24},"end":{"line":85,"column":49},"skip":true},"20":{"start":{"line":89,"column":12},"end":{"line":107,"column":13},"skip":true},"21":{"start":{"line":92,"column":16},"end":{"line":102,"column":17},"skip":true},"22":{"start":{"line":93,"column":20},"end":{"line":93,"column":86},"skip":true},"23":{"start":{"line":94,"column":20},"end":{"line":95,"column":45},"skip":true},"24":{"start":{"line":96,"column":20},"end":{"line":96,"column":42},"skip":true},"25":{"start":{"line":97,"column":20},"end":{"line":97,"column":48},"skip":true},"26":{"start":{"line":100,"column":20},"end":{"line":100,"column":85},"skip":true},"27":{"start":{"line":101,"column":20},"end":{"line":101,"column":96},"skip":true},"28":{"start":{"line":103,"column":16},"end":{"line":103,"column":22},"skip":true},"29":{"start":{"line":106,"column":16},"end":{"line":106,"column":22},"skip":true},"30":{"start":{"line":108,"column":12},"end":{"line":120,"column":13},"skip":true},"31":{"start":{"line":114,"column":16},"end":{"line":119,"column":17},"skip":true},"32":{"start":{"line":116,"column":20},"end":{"line":116,"column":78},"skip":true},"33":{"start":{"line":118,"column":20},"end":{"line":118,"column":47},"skip":true},"34":{"start":{"line":123,"column":8},"end":{"line":141,"column":11},"skip":true},"35":{"start":{"line":124,"column":12},"end":{"line":124,"column":54},"skip":true},"36":{"start":{"line":125,"column":12},"end":{"line":140,"column":14},"skip":true},"37":{"start":{"line":126,"column":16},"end":{"line":126,"column":28},"skip":true},"38":{"start":{"line":127,"column":16},"end":{"line":127,"column":69},"skip":true},"39":{"start":{"line":128,"column":16},"end":{"line":128,"column":75},"skip":true},"40":{"start":{"line":129,"column":16},"end":{"line":131,"column":17},"skip":true},"41":{"start":{"line":130,"column":20},"end":{"line":130,"column":27},"skip":true},"42":{"start":{"line":133,"column":16},"end":{"line":137,"column":36},"skip":true},"43":{"start":{"line":134,"column":20},"end":{"line":136,"column":55},"skip":true},"44":{"start":{"line":139,"column":16},"end":{"line":139,"column":57},"skip":true},"45":{"start":{"line":143,"column":8},"end":{"line":147,"column":11},"skip":true},"46":{"start":{"line":144,"column":12},"end":{"line":146,"column":15},"skip":true},"47":{"start":{"line":145,"column":16},"end":{"line":145,"column":70},"skip":true},"48":{"start":{"line":149,"column":8},"end":{"line":149,"column":31},"skip":true},"49":{"start":{"line":150,"column":8},"end":{"line":150,"column":14},"skip":true},"50":{"start":{"line":158,"column":8},"end":{"line":158,"column":31},"skip":true},"51":{"start":{"line":160,"column":8},"end":{"line":160,"column":33},"skip":true},"52":{"start":{"line":161,"column":8},"end":{"line":161,"column":37},"skip":true},"53":{"start":{"line":162,"column":8},"end":{"line":162,"column":35},"skip":true},"54":{"start":{"line":164,"column":8},"end":{"line":164,"column":50},"skip":true},"55":{"start":{"line":166,"column":8},"end":{"line":256,"column":2},"skip":true},"56":{"start":{"line":258,"column":8},"end":{"line":286,"column":9},"skip":true},"57":{"start":{"line":259,"column":12},"end":{"line":269,"column":14},"skip":true},"58":{"start":{"line":271,"column":12},"end":{"line":285,"column":19},"skip":true},"59":{"start":{"line":274,"column":20},"end":{"line":274,"column":35},"skip":true},"60":{"start":{"line":275,"column":20},"end":{"line":284,"column":21},"skip":true},"61":{"start":{"line":277,"column":24},"end":{"line":277,"column":64},"skip":true},"62":{"start":{"line":279,"column":24},"end":{"line":279,"column":40},"skip":true},"63":{"start":{"line":281,"column":24},"end":{"line":281,"column":40},"skip":true},"64":{"start":{"line":283,"column":24},"end":{"line":283,"column":39},"skip":true},"65":{"start":{"line":288,"column":8},"end":{"line":290,"column":9},"skip":true},"66":{"start":{"line":289,"column":12},"end":{"line":289,"column":18},"skip":true},"67":{"start":{"line":291,"column":8},"end":{"line":293,"column":54},"skip":true},"68":{"start":{"line":296,"column":8},"end":{"line":301,"column":37},"skip":true},"69":{"start":{"line":303,"column":8},"end":{"line":303,"column":82},"skip":true},"70":{"start":{"line":306,"column":8},"end":{"line":308,"column":9},"skip":true},"71":{"start":{"line":307,"column":12},"end":{"line":307,"column":82},"skip":true},"72":{"start":{"line":310,"column":8},"end":{"line":312,"column":9},"skip":true},"73":{"start":{"line":311,"column":12},"end":{"line":311,"column":18},"skip":true},"74":{"start":{"line":313,"column":8},"end":{"line":313,"column":54},"skip":true},"75":{"start":{"line":314,"column":8},"end":{"line":314,"column":69},"skip":true},"76":{"start":{"line":315,"column":8},"end":{"line":323,"column":36},"skip":true},"77":{"start":{"line":316,"column":12},"end":{"line":316,"column":61},"skip":true},"78":{"start":{"line":317,"column":12},"end":{"line":320,"column":13},"skip":true},"79":{"start":{"line":318,"column":16},"end":{"line":318,"column":75},"skip":true},"80":{"start":{"line":319,"column":16},"end":{"line":319,"column":23},"skip":true},"81":{"start":{"line":321,"column":12},"end":{"line":321,"column":38},"skip":true},"82":{"start":{"line":322,"column":12},"end":{"line":322,"column":27},"skip":true},"83":{"start":{"line":324,"column":8},"end":{"line":324,"column":14},"skip":true}},"branchMap":{"1":{"line":39,"type":"binary-expr","locations":[{"start":{"line":39,"column":23},"end":{"line":39,"column":62}},{"start":{"line":40,"column":20},"end":{"line":40,"column":70}},{"start":{"line":41,"column":20},"end":{"line":41,"column":71}},{"start":{"line":42,"column":20},"end":{"line":42,"column":29}}]},"2":{"line":44,"type":"binary-expr","locations":[{"start":{"line":44,"column":23},"end":{"line":44,"column":37}},{"start":{"line":45,"column":20},"end":{"line":45,"column":61}},{"start":{"line":46,"column":20},"end":{"line":46,"column":70}},{"start":{"line":47,"column":20},"end":{"line":47,"column":26}}]},"3":{"line":51,"type":"cond-expr","locations":[{"start":{"line":52,"column":14},"end":{"line":52,"column":20}},{"start":{"line":53,"column":14},"end":{"line":53,"column":20}}]},"4":{"line":55,"type":"binary-expr","locations":[{"start":{"line":55,"column":16},"end":{"line":55,"column":44}},{"start":{"line":55,"column":49},"end":{"line":57,"column":43}}]},"5":{"line":55,"type":"cond-expr","locations":[{"start":{"line":56,"column":14},"end":{"line":56,"column":55}},{"start":{"line":57,"column":14},"end":{"line":57,"column":43}}]},"6":{"line":61,"type":"switch","locations":[{"start":{"line":68,"column":4},"end":{"line":150,"column":14},"skip":true},{"start":{"line":156,"column":4},"end":{"line":324,"column":14},"skip":true}]},"7":{"line":70,"type":"if","locations":[{"start":{"line":70,"column":12},"end":{"line":70,"column":12},"skip":true},{"start":{"line":70,"column":12},"end":{"line":70,"column":12},"skip":true}]},"8":{"line":70,"type":"binary-expr","locations":[{"start":{"line":70,"column":16},"end":{"line":70,"column":22},"skip":true},{"start":{"line":70,"column":27},"end":{"line":70,"column":32},"skip":true},{"start":{"line":71,"column":20},"end":{"line":71,"column":39},"skip":true},{"start":{"line":72,"column":20},"end":{"line":72,"column":49},"skip":true},{"start":{"line":73,"column":20},"end":{"line":73,"column":58},"skip":true},{"start":{"line":74,"column":20},"end":{"line":74,"column":69},"skip":true}]},"9":{"line":79,"type":"switch","locations":[{"start":{"line":80,"column":20},"end":{"line":80,"column":33},"skip":true},{"start":{"line":81,"column":20},"end":{"line":83,"column":30},"skip":true},{"start":{"line":84,"column":20},"end":{"line":85,"column":49},"skip":true}]},"10":{"line":89,"type":"switch","locations":[{"start":{"line":90,"column":12},"end":{"line":103,"column":22},"skip":true},{"start":{"line":105,"column":12},"end":{"line":106,"column":22},"skip":true}]},"11":{"line":89,"type":"binary-expr","locations":[{"start":{"line":89,"column":20},"end":{"line":89,"column":25},"skip":true},{"start":{"line":89,"column":29},"end":{"line":89,"column":48},"skip":true},{"start":{"line":89,"column":52},"end":{"line":89,"column":74},"skip":true}]},"12":{"line":92,"type":"if","locations":[{"start":{"line":92,"column":16},"end":{"line":92,"column":16},"skip":true},{"start":{"line":92,"column":16},"end":{"line":92,"column":16},"skip":true}]},"13":{"line":108,"type":"if","locations":[{"start":{"line":108,"column":12},"end":{"line":108,"column":12},"skip":true},{"start":{"line":108,"column":12},"end":{"line":108,"column":12},"skip":true}]},"14":{"line":108,"type":"binary-expr","locations":[{"start":{"line":108,"column":16},"end":{"line":108,"column":61},"skip":true},{"start":{"line":108,"column":66},"end":{"line":108,"column":72},"skip":true},{"start":{"line":108,"column":77},"end":{"line":108,"column":82},"skip":true},{"start":{"line":109,"column":20},"end":{"line":109,"column":39},"skip":true},{"start":{"line":110,"column":20},"end":{"line":110,"column":49},"skip":true},{"start":{"line":111,"column":20},"end":{"line":111,"column":58},"skip":true},{"start":{"line":112,"column":20},"end":{"line":112,"column":68},"skip":true}]},"15":{"line":129,"type":"if","locations":[{"start":{"line":129,"column":16},"end":{"line":129,"column":16},"skip":true},{"start":{"line":129,"column":16},"end":{"line":129,"column":16},"skip":true}]},"16":{"line":134,"type":"cond-expr","locations":[{"start":{"line":135,"column":26},"end":{"line":135,"column":29},"skip":true},{"start":{"line":136,"column":26},"end":{"line":136,"column":54},"skip":true}]},"17":{"line":164,"type":"binary-expr","locations":[{"start":{"line":164,"column":27},"end":{"line":164,"column":43},"skip":true},{"start":{"line":164,"column":47},"end":{"line":164,"column":49},"skip":true}]},"18":{"line":258,"type":"if","locations":[{"start":{"line":258,"column":8},"end":{"line":258,"column":8},"skip":true},{"start":{"line":258,"column":8},"end":{"line":258,"column":8},"skip":true}]},"19":{"line":275,"type":"switch","locations":[{"start":{"line":276,"column":20},"end":{"line":277,"column":64},"skip":true},{"start":{"line":278,"column":20},"end":{"line":279,"column":40},"skip":true},{"start":{"line":280,"column":20},"end":{"line":281,"column":40},"skip":true},{"start":{"line":282,"column":20},"end":{"line":283,"column":39},"skip":true}]},"20":{"line":288,"type":"if","locations":[{"start":{"line":288,"column":8},"end":{"line":288,"column":8},"skip":true},{"start":{"line":288,"column":8},"end":{"line":288,"column":8},"skip":true}]},"21":{"line":288,"type":"binary-expr","locations":[{"start":{"line":288,"column":12},"end":{"line":288,"column":40},"skip":true},{"start":{"line":288,"column":44},"end":{"line":288,"column":67},"skip":true}]},"22":{"line":292,"type":"binary-expr","locations":[{"start":{"line":292,"column":12},"end":{"line":292,"column":50},"skip":true},{"start":{"line":293,"column":12},"end":{"line":293,"column":53},"skip":true}]},"23":{"line":297,"type":"binary-expr","locations":[{"start":{"line":297,"column":12},"end":{"line":297,"column":69},"skip":true},{"start":{"line":298,"column":12},"end":{"line":301,"column":36},"skip":true}]},"24":{"line":303,"type":"binary-expr","locations":[{"start":{"line":303,"column":43},"end":{"line":303,"column":75},"skip":true},{"start":{"line":303,"column":79},"end":{"line":303,"column":81},"skip":true}]},"25":{"line":306,"type":"if","locations":[{"start":{"line":306,"column":8},"end":{"line":306,"column":8},"skip":true},{"start":{"line":306,"column":8},"end":{"line":306,"column":8},"skip":true}]},"26":{"line":310,"type":"if","locations":[{"start":{"line":310,"column":8},"end":{"line":310,"column":8},"skip":true},{"start":{"line":310,"column":8},"end":{"line":310,"column":8},"skip":true}]},"27":{"line":313,"type":"binary-expr","locations":[{"start":{"line":313,"column":27},"end":{"line":313,"column":43},"skip":true},{"start":{"line":313,"column":47},"end":{"line":313,"column":53},"skip":true}]},"28":{"line":317,"type":"if","locations":[{"start":{"line":317,"column":12},"end":{"line":317,"column":12},"skip":true},{"start":{"line":317,"column":12},"end":{"line":317,"column":12},"skip":true}]}},"code":["/*","example.js","","quickstart example","","instruction","    1. save this script as example.js","    2. run the shell command:","        $ npm install npmtest-mochawesome && PORT=8081 node example.js","    3. play with the browser-demo on http://127.0.0.1:8081","*/","","","","/* istanbul instrument in package npmtest_mochawesome */","/*jslint","    bitwise: true,","    browser: true,","    maxerr: 8,","    maxlen: 96,","    node: true,","    nomen: true,","    regexp: true,","    stupid: true","*/","(function () {","    'use strict';","    var local;","","","","    // run shared js-env code - pre-init","    (function () {","        // init local","        local = {};","        // init modeJs","        local.modeJs = (function () {","            try {","                return typeof navigator.userAgent === 'string' &&","                    typeof document.querySelector('body') === 'object' &&","                    typeof XMLHttpRequest.prototype.open === 'function' &&","                    'browser';","            } catch (errorCaughtBrowser) {","                return module.exports &&","                    typeof process.versions.node === 'string' &&","                    typeof require('http').createServer === 'function' &&","                    'node';","            }","        }());","        // init global","        local.global = local.modeJs === 'browser'","            ? window","            : global;","        // init utility2_rollup","        local = local.global.utility2_rollup || (local.modeJs === 'browser'","            ? local.global.utility2_npmtest_mochawesome","            : global.utility2_moduleExports);","        // export local","        local.global.local = local;","    }());","    switch (local.modeJs) {","","","","    // post-init","    // run browser js-env code - post-init","    /* istanbul ignore next */","    case 'browser':","        local.testRunBrowser = function (event) {","            if (!event || (event &&","                    event.currentTarget &&","                    event.currentTarget.className &&","                    event.currentTarget.className.includes &&","                    event.currentTarget.className.includes('onreset'))) {","                // reset output","                Array.from(","                    document.querySelectorAll('body > .resettable')","                ).forEach(function (element) {","                    switch (element.tagName) {","                    case 'INPUT':","                    case 'TEXTAREA':","                        element.value = '';","                        break;","                    default:","                        element.textContent = '';","                    }","                });","            }","            switch (event && event.currentTarget && event.currentTarget.id) {","            case 'testRunButton1':","                // show tests","                if (document.querySelector('#testReportDiv1').style.display === 'none') {","                    document.querySelector('#testReportDiv1').style.display = 'block';","                    document.querySelector('#testRunButton1').textContent =","                        'hide internal test';","                    local.modeTest = true;","                    local.testRunDefault(local);","                // hide tests","                } else {","                    document.querySelector('#testReportDiv1').style.display = 'none';","                    document.querySelector('#testRunButton1').textContent = 'run internal test';","                }","                break;","            // custom-case","            default:","                break;","            }","            if (document.querySelector('#inputTextareaEval1') && (!event || (event &&","                    event.currentTarget &&","                    event.currentTarget.className &&","                    event.currentTarget.className.includes &&","                    event.currentTarget.className.includes('oneval')))) {","                // try to eval input-code","                try {","                    /*jslint evil: true*/","                    eval(document.querySelector('#inputTextareaEval1').value);","                } catch (errorCaught) {","                    console.error(errorCaught);","                }","            }","        };","        // log stderr and stdout to #outputTextareaStdout1","        ['error', 'log'].forEach(function (key) {","            console[key + '_original'] = console[key];","            console[key] = function () {","                var element;","                console[key + '_original'].apply(console, arguments);","                element = document.querySelector('#outputTextareaStdout1');","                if (!element) {","                    return;","                }","                // append text to #outputTextareaStdout1","                element.value += Array.from(arguments).map(function (arg) {","                    return typeof arg === 'string'","                        ? arg","                        : JSON.stringify(arg, null, 4);","                }).join(' ') + '\\n';","                // scroll textarea to bottom","                element.scrollTop = element.scrollHeight;","            };","        });","        // init event-handling","        ['change', 'click', 'keyup'].forEach(function (event) {","            Array.from(document.querySelectorAll('.on' + event)).forEach(function (element) {","                element.addEventListener(event, local.testRunBrowser);","            });","        });","        // run tests","        local.testRunBrowser();","        break;","","","","    // run node js-env code - post-init","    /* istanbul ignore next */","    case 'node':","        // export local","        module.exports = local;","        // require modules","        local.fs = require('fs');","        local.http = require('http');","        local.url = require('url');","        // init assets","        local.assetsDict = local.assetsDict || {};","        /* jslint-ignore-begin */","        local.assetsDict['/assets.index.template.html'] = '\\","<!doctype html>\\n\\","<html lang=\"en\">\\n\\","<head>\\n\\","<meta charset=\"UTF-8\">\\n\\","<meta name=\"viewport\" content=\"width=device-width, initial-scale=1\">\\n\\","<title>{{env.npm_package_name}} (v{{env.npm_package_version}})</title>\\n\\","<style>\\n\\","/*csslint\\n\\","    box-sizing: false,\\n\\","    universal-selector: false\\n\\","*/\\n\\","* {\\n\\","    box-sizing: border-box;\\n\\","}\\n\\","body {\\n\\","    background: #dde;\\n\\","    font-family: Arial, Helvetica, sans-serif;\\n\\","    margin: 2rem;\\n\\","}\\n\\","body > * {\\n\\","    margin-bottom: 1rem;\\n\\","}\\n\\",".utility2FooterDiv {\\n\\","    margin-top: 20px;\\n\\","    text-align: center;\\n\\","}\\n\\","</style>\\n\\","<style>\\n\\","/*csslint\\n\\","*/\\n\\","textarea {\\n\\","    font-family: monospace;\\n\\","    height: 10rem;\\n\\","    width: 100%;\\n\\","}\\n\\","textarea[readonly] {\\n\\","    background: #ddd;\\n\\","}\\n\\","</style>\\n\\","</head>\\n\\","<body>\\n\\","<!-- utility2-comment\\n\\","<div id=\"ajaxProgressDiv1\" style=\"background: #d00; height: 2px; left: 0; margin: 0; padding: 0; position: fixed; top: 0; transition: background 0.5s, width 1.5s; width: 25%;\"></div>\\n\\","utility2-comment -->\\n\\","<h1>\\n\\","<!-- utility2-comment\\n\\","    <a\\n\\","        {{#if env.npm_package_homepage}}\\n\\","        href=\"{{env.npm_package_homepage}}\"\\n\\","        {{/if env.npm_package_homepage}}\\n\\","        target=\"_blank\"\\n\\","    >\\n\\","utility2-comment -->\\n\\","        {{env.npm_package_name}} (v{{env.npm_package_version}})\\n\\","<!-- utility2-comment\\n\\","    </a>\\n\\","utility2-comment -->\\n\\","</h1>\\n\\","<h3>{{env.npm_package_description}}</h3>\\n\\","<!-- utility2-comment\\n\\","<h4><a download href=\"assets.app.js\">download standalone app</a></h4>\\n\\","<button class=\"onclick onreset\" id=\"testRunButton1\">run internal test</button><br>\\n\\","<div id=\"testReportDiv1\" style=\"display: none;\"></div>\\n\\","utility2-comment -->\\n\\","\\n\\","\\n\\","\\n\\","<label>stderr and stdout</label>\\n\\","<textarea class=\"resettable\" id=\"outputTextareaStdout1\" readonly></textarea>\\n\\","<!-- utility2-comment\\n\\","{{#if isRollup}}\\n\\","<script src=\"assets.app.js\"></script>\\n\\","{{#unless isRollup}}\\n\\","utility2-comment -->\\n\\","<script src=\"assets.utility2.rollup.js\"></script>\\n\\","<script src=\"jsonp.utility2._stateInit?callback=window.utility2._stateInit\"></script>\\n\\","<script src=\"assets.npmtest_mochawesome.rollup.js\"></script>\\n\\","<script src=\"assets.example.js\"></script>\\n\\","<script src=\"assets.test.js\"></script>\\n\\","<!-- utility2-comment\\n\\","{{/if isRollup}}\\n\\","utility2-comment -->\\n\\","<div class=\"utility2FooterDiv\">\\n\\","    [ this app was created with\\n\\","    <a href=\"https://github.com/kaizhu256/node-utility2\" target=\"_blank\">utility2</a>\\n\\","    ]\\n\\","</div>\\n\\","</body>\\n\\","</html>\\n\\","';","        /* jslint-ignore-end */","        if (local.templateRender) {","            local.assetsDict['/'] = local.templateRender(","                local.assetsDict['/assets.index.template.html'],","                {","                    env: local.objectSetDefault(local.env, {","                        npm_package_description: 'the greatest app in the world!',","                        npm_package_name: 'my-app',","                        npm_package_nameAlias: 'my_app',","                        npm_package_version: '0.0.1'","                    })","                }","            );","        } else {","            local.assetsDict['/'] = local.assetsDict['/assets.index.template.html']","                .replace((/\\{\\{env\\.(\\w+?)\\}\\}/g), function (match0, match1) {","                    // jslint-hack","                    String(match0);","                    switch (match1) {","                    case 'npm_package_description':","                        return 'the greatest app in the world!';","                    case 'npm_package_name':","                        return 'my-app';","                    case 'npm_package_nameAlias':","                        return 'my_app';","                    case 'npm_package_version':","                        return '0.0.1';","                    }","                });","        }","        // run the cli","        if (local.global.utility2_rollup || module !== require.main) {","            break;","        }","        local.assetsDict['/assets.example.js'] =","            local.assetsDict['/assets.example.js'] ||","            local.fs.readFileSync(__filename, 'utf8');","        // bug-workaround - long $npm_package_buildCustomOrg","        /* jslint-ignore-begin */","        local.assetsDict['/assets.npmtest_mochawesome.rollup.js'] =","            local.assetsDict['/assets.npmtest_mochawesome.rollup.js'] ||","            local.fs.readFileSync(","                local.npmtest_mochawesome.__dirname + '/lib.npmtest_mochawesome.js',","                'utf8'","            ).replace((/^#!/), '//');","        /* jslint-ignore-end */","        local.assetsDict['/favicon.ico'] = local.assetsDict['/favicon.ico'] || '';","        // if $npm_config_timeout_exit exists,","        // then exit this process after $npm_config_timeout_exit ms","        if (Number(process.env.npm_config_timeout_exit)) {","            setTimeout(process.exit, Number(process.env.npm_config_timeout_exit));","        }","        // start server","        if (local.global.utility2_serverHttp1) {","            break;","        }","        process.env.PORT = process.env.PORT || '8081';","        console.error('server starting on port ' + process.env.PORT);","        local.http.createServer(function (request, response) {","            request.urlParsed = local.url.parse(request.url);","            if (local.assetsDict[request.urlParsed.pathname] !== undefined) {","                response.end(local.assetsDict[request.urlParsed.pathname]);","                return;","            }","            response.statusCode = 404;","            response.end();","        }).listen(process.env.PORT);","        break;","    }","}());",""],"l":{"26":2,"28":2,"33":2,"35":2,"37":2,"38":2,"39":2,"44":1,"51":2,"55":2,"59":2,"61":2,"69":1,"70":2,"76":2,"79":2,"82":2,"83":2,"85":1,"89":2,"92":1,"93":1,"94":1,"96":1,"97":1,"100":1,"101":1,"103":1,"106":1,"108":2,"114":1,"116":1,"118":1,"123":1,"124":2,"125":2,"126":3,"127":3,"128":3,"129":3,"130":1,"133":3,"134":3,"139":3,"143":1,"144":3,"145":1,"149":1,"150":1,"158":1,"160":1,"161":1,"162":1,"164":1,"166":1,"258":1,"259":1,"271":1,"274":6,"275":6,"277":1,"279":2,"281":1,"283":2,"288":1,"289":1,"291":1,"296":1,"303":1,"306":1,"307":1,"310":1,"311":1,"313":1,"314":1,"315":1,"316":1,"317":1,"318":1,"319":1,"321":1,"322":1,"324":1}},"/home/travis/build/npmtest/node-npmtest-mochawesome/node_modules/mochawesome/dist/mochawesome.js":{"path":"/home/travis/build/npmtest/node-npmtest-mochawesome/node_modules/mochawesome/dist/mochawesome.js","s":{"1":1,"2":1,"3":1,"4":1,"5":1,"6":1,"7":0,"8":0,"9":0,"10":0,"11":0,"12":0,"13":0,"14":0,"15":0,"16":0,"17":0,"18":0,"19":0,"20":0,"21":0,"22":0,"23":0,"24":0,"25":0,"26":1,"27":0,"28":1,"29":2,"30":1,"31":1,"32":1,"33":1,"34":1,"35":1,"36":1,"37":1,"38":1,"39":0,"40":0,"41":0,"42":0,"43":0,"44":0,"45":0,"46":0,"47":0,"48":0,"49":0,"50":0,"51":0,"52":0,"53":0,"54":0,"55":0,"56":0,"57":0,"58":0,"59":0,"60":0,"61":0,"62":0,"63":0,"64":0,"65":0,"66":0,"67":0,"68":0,"69":0,"70":0,"71":0,"72":0,"73":0,"74":0,"75":0,"76":0,"77":0,"78":0,"79":0,"80":0,"81":0,"82":0,"83":0,"84":0,"85":1},"b":{"1":[0,0,0,0,0,0,0],"2":[0,0],"3":[1,1],"4":[2,2],"5":[0,0,0],"6":[0,0]},"f":{"1":1,"2":0,"3":0,"4":0,"5":2,"6":0,"7":0,"8":0,"9":0,"10":0,"11":0,"12":0,"13":0},"fnMap":{"1":{"name":"(anonymous_1)","line":19,"loc":{"start":{"line":19,"column":11},"end":{"line":19,"column":23}}},"2":{"name":"_callee","line":20,"loc":{"start":{"line":20,"column":72},"end":{"line":20,"column":121}}},"3":{"name":"_callee$","line":22,"loc":{"start":{"line":22,"column":38},"end":{"line":22,"column":66}}},"4":{"name":"done","line":60,"loc":{"start":{"line":60,"column":9},"end":{"line":60,"column":42}}},"5":{"name":"_interopRequireDefault","line":72,"loc":{"start":{"line":72,"column":0},"end":{"line":72,"column":37}}},"6":{"name":"Mochawesome","line":90,"loc":{"start":{"line":90,"column":40},"end":{"line":90,"column":78}}},"7":{"name":"(anonymous_7)","line":95,"loc":{"start":{"line":95,"column":14},"end":{"line":95,"column":40}}},"8":{"name":"(anonymous_8)","line":119,"loc":{"start":{"line":119,"column":20},"end":{"line":119,"column":36}}},"9":{"name":"(anonymous_9)","line":124,"loc":{"start":{"line":124,"column":24},"end":{"line":124,"column":40}}},"10":{"name":"(anonymous_10)","line":129,"loc":{"start":{"line":129,"column":23},"end":{"line":129,"column":39}}},"11":{"name":"(anonymous_11)","line":135,"loc":{"start":{"line":135,"column":20},"end":{"line":135,"column":36}}},"12":{"name":"(anonymous_12)","line":140,"loc":{"start":{"line":140,"column":20},"end":{"line":140,"column":36}}},"13":{"name":"(anonymous_13)","line":145,"loc":{"start":{"line":145,"column":19},"end":{"line":145,"column":31}}}},"statementMap":{"1":{"start":{"line":3,"column":0},"end":{"line":3,"column":56}},"2":{"start":{"line":5,"column":0},"end":{"line":5,"column":57}},"3":{"start":{"line":7,"column":0},"end":{"line":7,"column":75}},"4":{"start":{"line":9,"column":0},"end":{"line":9,"column":68}},"5":{"start":{"line":19,"column":0},"end":{"line":63,"column":4}},"6":{"start":{"line":20,"column":2},"end":{"line":58,"column":6}},"7":{"start":{"line":21,"column":4},"end":{"line":21,"column":39}},"8":{"start":{"line":22,"column":4},"end":{"line":57,"column":33}},"9":{"start":{"line":23,"column":6},"end":{"line":56,"column":7}},"10":{"start":{"line":24,"column":8},"end":{"line":55,"column":9}},"11":{"start":{"line":26,"column":12},"end":{"line":26,"column":91}},"12":{"start":{"line":27,"column":12},"end":{"line":27,"column":30}},"13":{"start":{"line":28,"column":12},"end":{"line":28,"column":30}},"14":{"start":{"line":29,"column":12},"end":{"line":29,"column":52}},"15":{"start":{"line":32,"column":12},"end":{"line":32,"column":72}},"16":{"start":{"line":35,"column":12},"end":{"line":35,"column":30}},"17":{"start":{"line":36,"column":12},"end":{"line":36,"column":48}},"18":{"start":{"line":39,"column":12},"end":{"line":39,"column":72}},"19":{"start":{"line":40,"column":12},"end":{"line":40,"column":31}},"20":{"start":{"line":41,"column":12},"end":{"line":41,"column":18}},"21":{"start":{"line":44,"column":12},"end":{"line":44,"column":31}},"22":{"start":{"line":45,"column":12},"end":{"line":45,"column":47}},"23":{"start":{"line":47,"column":12},"end":{"line":47,"column":46}},"24":{"start":{"line":50,"column":12},"end":{"line":50,"column":35}},"25":{"start":{"line":54,"column":12},"end":{"line":54,"column":35}},"26":{"start":{"line":60,"column":2},"end":{"line":62,"column":4}},"27":{"start":{"line":61,"column":4},"end":{"line":61,"column":39}},"28":{"start":{"line":72,"column":0},"end":{"line":72,"column":95}},"29":{"start":{"line":72,"column":39},"end":{"line":72,"column":93}},"30":{"start":{"line":74,"column":0},"end":{"line":74,"column":29}},"31":{"start":{"line":75,"column":0},"end":{"line":75,"column":27}},"32":{"start":{"line":76,"column":0},"end":{"line":76,"column":47}},"33":{"start":{"line":77,"column":0},"end":{"line":77,"column":31}},"34":{"start":{"line":78,"column":0},"end":{"line":78,"column":52}},"35":{"start":{"line":79,"column":0},"end":{"line":79,"column":31}},"36":{"start":{"line":82,"column":0},"end":{"line":86,"column":30}},"37":{"start":{"line":90,"column":0},"end":{"line":90,"column":40}},"38":{"start":{"line":90,"column":40},"end":{"line":199,"column":1}},"39":{"start":{"line":91,"column":2},"end":{"line":91,"column":19}},"40":{"start":{"line":95,"column":2},"end":{"line":97,"column":4}},"41":{"start":{"line":96,"column":4},"end":{"line":96,"column":60}},"42":{"start":{"line":100,"column":2},"end":{"line":100,"column":33}},"43":{"start":{"line":103,"column":2},"end":{"line":103,"column":62}},"44":{"start":{"line":104,"column":2},"end":{"line":104,"column":35}},"45":{"start":{"line":107,"column":2},"end":{"line":107,"column":42}},"46":{"start":{"line":110,"column":2},"end":{"line":110,"column":35}},"47":{"start":{"line":112,"column":2},"end":{"line":112,"column":20}},"48":{"start":{"line":113,"column":2},"end":{"line":113,"column":22}},"49":{"start":{"line":114,"column":2},"end":{"line":114,"column":23}},"50":{"start":{"line":115,"column":2},"end":{"line":115,"column":21}},"51":{"start":{"line":116,"column":2},"end":{"line":116,"column":24}},"52":{"start":{"line":119,"column":2},"end":{"line":121,"column":5}},"53":{"start":{"line":120,"column":4},"end":{"line":120,"column":33}},"54":{"start":{"line":124,"column":2},"end":{"line":126,"column":5}},"55":{"start":{"line":125,"column":4},"end":{"line":125,"column":31}},"56":{"start":{"line":129,"column":2},"end":{"line":132,"column":5}},"57":{"start":{"line":130,"column":4},"end":{"line":130,"column":26}},"58":{"start":{"line":131,"column":4},"end":{"line":131,"column":26}},"59":{"start":{"line":135,"column":2},"end":{"line":137,"column":5}},"60":{"start":{"line":136,"column":4},"end":{"line":136,"column":32}},"61":{"start":{"line":140,"column":2},"end":{"line":142,"column":5}},"62":{"start":{"line":141,"column":4},"end":{"line":141,"column":34}},"63":{"start":{"line":145,"column":2},"end":{"line":198,"column":5}},"64":{"start":{"line":146,"column":4},"end":{"line":197,"column":5}},"65":{"start":{"line":148,"column":6},"end":{"line":191,"column":7}},"66":{"start":{"line":151,"column":8},"end":{"line":151,"column":25}},"67":{"start":{"line":153,"column":8},"end":{"line":153,"column":43}},"68":{"start":{"line":155,"column":8},"end":{"line":155,"column":56}},"69":{"start":{"line":157,"column":8},"end":{"line":165,"column":10}},"70":{"start":{"line":167,"column":8},"end":{"line":167,"column":63}},"71":{"start":{"line":169,"column":8},"end":{"line":174,"column":57}},"72":{"start":{"line":176,"column":8},"end":{"line":176,"column":90}},"73":{"start":{"line":177,"column":8},"end":{"line":177,"column":82}},"74":{"start":{"line":179,"column":8},"end":{"line":179,"column":47}},"75":{"start":{"line":180,"column":8},"end":{"line":180,"column":53}},"76":{"start":{"line":181,"column":8},"end":{"line":181,"column":62}},"77":{"start":{"line":182,"column":8},"end":{"line":182,"column":49}},"78":{"start":{"line":183,"column":8},"end":{"line":183,"column":52}},"79":{"start":{"line":184,"column":8},"end":{"line":184,"column":53}},"80":{"start":{"line":185,"column":8},"end":{"line":185,"column":46}},"81":{"start":{"line":186,"column":8},"end":{"line":186,"column":69}},"82":{"start":{"line":187,"column":8},"end":{"line":187,"column":75}},"83":{"start":{"line":190,"column":8},"end":{"line":190,"column":47}},"84":{"start":{"line":196,"column":6},"end":{"line":196,"column":59},"skip":true},"85":{"start":{"line":201,"column":0},"end":{"line":201,"column":29}}},"branchMap":{"1":{"line":24,"type":"switch","locations":[{"start":{"line":25,"column":10},"end":{"line":29,"column":52}},{"start":{"line":31,"column":10},"end":{"line":36,"column":48}},{"start":{"line":38,"column":10},"end":{"line":41,"column":18}},{"start":{"line":43,"column":10},"end":{"line":47,"column":46}},{"start":{"line":49,"column":10},"end":{"line":50,"column":35}},{"start":{"line":52,"column":10},"end":{"line":52,"column":18}},{"start":{"line":53,"column":10},"end":{"line":54,"column":35}}]},"2":{"line":50,"type":"binary-expr","locations":[{"start":{"line":50,"column":12},"end":{"line":50,"column":16}},{"start":{"line":50,"column":20},"end":{"line":50,"column":34}}]},"3":{"line":72,"type":"cond-expr","locations":[{"start":{"line":72,"column":70},"end":{"line":72,"column":73}},{"start":{"line":72,"column":76},"end":{"line":72,"column":92}}]},"4":{"line":72,"type":"binary-expr","locations":[{"start":{"line":72,"column":46},"end":{"line":72,"column":49}},{"start":{"line":72,"column":53},"end":{"line":72,"column":67}}]},"5":{"line":103,"type":"binary-expr","locations":[{"start":{"line":103,"column":21},"end":{"line":103,"column":28}},{"start":{"line":103,"column":32},"end":{"line":103,"column":55}},{"start":{"line":103,"column":59},"end":{"line":103,"column":61}}]},"6":{"line":148,"type":"if","locations":[{"start":{"line":148,"column":6},"end":{"line":148,"column":6}},{"start":{"line":148,"column":6},"end":{"line":148,"column":6},"skip":true}]}},"code":["'use strict';","","var _regenerator = require('babel-runtime/regenerator');","","var _regenerator2 = _interopRequireDefault(_regenerator);","","var _asyncToGenerator2 = require('babel-runtime/helpers/asyncToGenerator');","","var _asyncToGenerator3 = _interopRequireDefault(_asyncToGenerator2);","","/**"," * Done function gets called before mocha exits"," *"," * @param {Object} output"," * @param {Object} config"," * @param {Function} exit"," */","","var done = function () {","  var _ref = (0, _asyncToGenerator3.default)(_regenerator2.default.mark(function _callee(output, config, failures, exit) {","    var reportJsonFile, reportHtmlFile;","    return _regenerator2.default.wrap(function _callee$(_context) {","      while (1) {","        switch (_context.prev = _context.next) {","          case 0:","            reportJsonFile = config.reportJsonFile, reportHtmlFile = config.reportHtmlFile;","            _context.prev = 1;","            _context.next = 4;","            return saveFile(reportJsonFile, output);","","          case 4:","            log('Report JSON saved to ' + reportJsonFile, null, config);","","            // Create and save the HTML to disk","            _context.next = 7;","            return marge.create(output, config);","","          case 7:","            log('Report HTML saved to ' + reportHtmlFile, null, config);","            _context.next = 13;","            break;","","          case 10:","            _context.prev = 10;","            _context.t0 = _context['catch'](1);","","            log(_context.t0, 'error', config);","","          case 13:","            exit && exit(failures);","","          case 14:","          case 'end':","            return _context.stop();","        }","      }","    }, _callee, this, [[1, 10]]);","  }));","","  return function done(_x, _x2, _x3, _x4) {","    return _ref.apply(this, arguments);","  };","}();","","/**"," * Initialize a new reporter."," *"," * @param {Runner} runner"," * @api public"," */","","function _interopRequireDefault(obj) { return obj && obj.__esModule ? obj : { default: obj }; }","","var mocha = require('mocha');","var uuid = require('uuid');","var stringify = require('json-stringify-safe');","var conf = require('./config');","var marge = require('mochawesome-report-generator');","var utils = require('./utils');","","// Import the utility functions","var log = utils.log,","    getPercentClass = utils.getPercentClass,","    cleanTest = utils.cleanTest,","    traverseSuites = utils.traverseSuites,","    saveFile = utils.saveFile;","","// Track the total number of tests registered","","var totalTestsRegistered = { total: 0 };function Mochawesome(runner, options) {","  var _this = this;","","  // Done function will be called before mocha exits","  // This is where we will save JSON and generate the report","  this.done = function (failures, exit) {","    return done(_this.output, _this.config, failures, exit);","  };","","  // Reset total tests counter","  totalTestsRegistered.total = 0;","","  // Create/Save necessary report dirs/files","  var reporterOpts = options && options.reporterOptions || {};","  this.config = conf(reporterOpts);","","  // Call the Base mocha reporter","  mocha.reporters.Base.call(this, runner);","","  // Show the Spec Reporter in the console","  new mocha.reporters.Spec(runner); // eslint-disable-line","","  var allTests = [];","  var allPending = [];","  var allFailures = [];","  var allPasses = [];","  var endCalled = false;","","  // Add a unique identifier to each test","  runner.on('test', function (test) {","    return test.uuid = uuid.v4();","  });","","  // Add test to array of all tests","  runner.on('test end', function (test) {","    return allTests.push(test);","  });","","  // Add pending test to array of pending tests","  runner.on('pending', function (test) {","    test.uuid = uuid.v4();","    allPending.push(test);","  });","","  // Add passing test to array of passing tests","  runner.on('pass', function (test) {","    return allPasses.push(test);","  });","","  // Add failed test to array of failed tests","  runner.on('fail', function (test) {","    return allFailures.push(test);","  });","","  // Process the full suite","  runner.on('end', function () {","    try {","      /* istanbul ignore else */","      if (!endCalled) {","        // end gets called more than once for some reason","        // so we ensure the suite is processed only once","        endCalled = true;","","        var allSuites = _this.runner.suite;","","        traverseSuites(allSuites, totalTestsRegistered);","","        var obj = {","          stats: _this.stats,","          suites: allSuites,","          allTests: allTests.map(cleanTest),","          allPending: allPending.map(cleanTest),","          allPasses: allPasses.map(cleanTest),","          allFailures: allFailures.map(cleanTest),","          copyrightYear: new Date().getFullYear()","        };","","        obj.stats.testsRegistered = totalTestsRegistered.total;","","        var _obj$stats = obj.stats,","            passes = _obj$stats.passes,","            failures = _obj$stats.failures,","            pending = _obj$stats.pending,","            tests = _obj$stats.tests,","            testsRegistered = _obj$stats.testsRegistered;","","        var passPercentage = Math.round(passes / (testsRegistered - pending) * 1000) / 10;","        var pendingPercentage = Math.round(pending / testsRegistered * 1000) / 10;","","        obj.stats.passPercent = passPercentage;","        obj.stats.pendingPercent = pendingPercentage;","        obj.stats.other = passes + failures + pending - tests;","        obj.stats.hasOther = obj.stats.other > 0;","        obj.stats.skipped = testsRegistered - tests;","        obj.stats.hasSkipped = obj.stats.skipped > 0;","        obj.stats.failures -= obj.stats.other;","        obj.stats.passPercentClass = getPercentClass(passPercentage);","        obj.stats.pendingPercentClass = getPercentClass(pendingPercentage);","","        // Save the final output to be used in the done function","        _this.output = stringify(obj, null, 2);","      }","    } catch (e) {","      // required because thrown errors are not handled directly in the","      // event emitter pattern and mocha does not have an \"on error\"","      /* istanbul ignore next */","      log('Problem with mochawesome: ' + e.stack, 'error');","    }","  });","}","","module.exports = Mochawesome;"],"l":{"3":1,"5":1,"7":1,"9":1,"19":1,"20":1,"21":0,"22":0,"23":0,"24":0,"26":0,"27":0,"28":0,"29":0,"32":0,"35":0,"36":0,"39":0,"40":0,"41":0,"44":0,"45":0,"47":0,"50":0,"54":0,"60":1,"61":0,"72":2,"74":1,"75":1,"76":1,"77":1,"78":1,"79":1,"82":1,"90":1,"91":0,"95":0,"96":0,"100":0,"103":0,"104":0,"107":0,"110":0,"112":0,"113":0,"114":0,"115":0,"116":0,"119":0,"120":0,"124":0,"125":0,"129":0,"130":0,"131":0,"135":0,"136":0,"140":0,"141":0,"145":0,"146":0,"148":0,"151":0,"153":0,"155":0,"157":0,"167":0,"169":0,"176":0,"177":0,"179":0,"180":0,"181":0,"182":0,"183":0,"184":0,"185":0,"186":0,"187":0,"190":0,"196":1,"201":1}},"/home/travis/build/npmtest/node-npmtest-mochawesome/node_modules/mochawesome/dist/config.js":{"path":"/home/travis/build/npmtest/node-npmtest-mochawesome/node_modules/mochawesome/dist/config.js","s":{"1":1,"2":1,"3":1,"4":1,"5":1,"6":1,"7":1,"8":0,"9":0,"10":0,"11":0,"12":0,"13":0,"14":1,"15":0,"16":0,"17":0,"18":0,"19":0,"20":0,"21":0,"22":0,"23":0,"24":0,"25":0,"26":0,"27":0,"28":0,"29":0,"30":0,"31":0},"b":{"1":[1,0],"2":[1,1],"3":[0,0],"4":[0,0],"5":[0,0],"6":[0,0],"7":[0,0],"8":[0,0],"9":[0,0]},"f":{"1":1,"2":0,"3":0},"fnMap":{"1":{"name":"_interopRequireDefault","line":7,"loc":{"start":{"line":7,"column":0},"end":{"line":7,"column":37}}},"2":{"name":"_getOption","line":24,"loc":{"start":{"line":24,"column":0},"end":{"line":24,"column":47}}},"3":{"name":"(anonymous_3)","line":39,"loc":{"start":{"line":39,"column":17},"end":{"line":39,"column":33}}}},"statementMap":{"1":{"start":{"line":3,"column":0},"end":{"line":3,"column":61}},"2":{"start":{"line":5,"column":0},"end":{"line":5,"column":47}},"3":{"start":{"line":7,"column":0},"end":{"line":7,"column":95}},"4":{"start":{"line":7,"column":39},"end":{"line":7,"column":93}},"5":{"start":{"line":9,"column":0},"end":{"line":9,"column":27}},"6":{"start":{"line":11,"column":0},"end":{"line":22,"column":2}},"7":{"start":{"line":24,"column":0},"end":{"line":37,"column":1}},"8":{"start":{"line":25,"column":2},"end":{"line":25,"column":55}},"9":{"start":{"line":30,"column":2},"end":{"line":32,"column":3}},"10":{"start":{"line":31,"column":4},"end":{"line":31,"column":110}},"11":{"start":{"line":33,"column":2},"end":{"line":35,"column":3}},"12":{"start":{"line":34,"column":4},"end":{"line":34,"column":73}},"13":{"start":{"line":36,"column":2},"end":{"line":36,"column":30}},"14":{"start":{"line":39,"column":0},"end":{"line":64,"column":2}},"15":{"start":{"line":40,"column":2},"end":{"line":40,"column":19}},"16":{"start":{"line":43,"column":2},"end":{"line":46,"column":3}},"17":{"start":{"line":44,"column":4},"end":{"line":44,"column":42}},"18":{"start":{"line":45,"column":4},"end":{"line":45,"column":31}},"19":{"start":{"line":48,"column":2},"end":{"line":48,"column":62}},"20":{"start":{"line":49,"column":2},"end":{"line":49,"column":66}},"21":{"start":{"line":50,"column":2},"end":{"line":50,"column":56}},"22":{"start":{"line":51,"column":2},"end":{"line":51,"column":64}},"23":{"start":{"line":52,"column":2},"end":{"line":52,"column":64}},"24":{"start":{"line":53,"column":2},"end":{"line":53,"column":56}},"25":{"start":{"line":54,"column":2},"end":{"line":54,"column":64}},"26":{"start":{"line":55,"column":2},"end":{"line":55,"column":60}},"27":{"start":{"line":56,"column":2},"end":{"line":56,"column":50}},"28":{"start":{"line":57,"column":2},"end":{"line":57,"column":46}},"29":{"start":{"line":60,"column":2},"end":{"line":60,"column":90}},"30":{"start":{"line":61,"column":2},"end":{"line":61,"column":90}},"31":{"start":{"line":63,"column":2},"end":{"line":63,"column":52}}},"branchMap":{"1":{"line":7,"type":"cond-expr","locations":[{"start":{"line":7,"column":70},"end":{"line":7,"column":73}},{"start":{"line":7,"column":76},"end":{"line":7,"column":92}}]},"2":{"line":7,"type":"binary-expr","locations":[{"start":{"line":7,"column":46},"end":{"line":7,"column":49}},{"start":{"line":7,"column":53},"end":{"line":7,"column":67}}]},"3":{"line":30,"type":"if","locations":[{"start":{"line":30,"column":2},"end":{"line":30,"column":2}},{"start":{"line":30,"column":2},"end":{"line":30,"column":2}}]},"4":{"line":30,"type":"binary-expr","locations":[{"start":{"line":30,"column":6},"end":{"line":30,"column":13}},{"start":{"line":30,"column":17},"end":{"line":30,"column":57}}]},"5":{"line":31,"type":"cond-expr","locations":[{"start":{"line":31,"column":61},"end":{"line":31,"column":89}},{"start":{"line":31,"column":92},"end":{"line":31,"column":109}}]},"6":{"line":31,"type":"binary-expr","locations":[{"start":{"line":31,"column":11},"end":{"line":31,"column":17}},{"start":{"line":31,"column":21},"end":{"line":31,"column":58}}]},"7":{"line":33,"type":"if","locations":[{"start":{"line":33,"column":2},"end":{"line":33,"column":2}},{"start":{"line":33,"column":2},"end":{"line":33,"column":2}}]},"8":{"line":34,"type":"cond-expr","locations":[{"start":{"line":34,"column":20},"end":{"line":34,"column":50}},{"start":{"line":34,"column":53},"end":{"line":34,"column":72}}]},"9":{"line":43,"type":"if","locations":[{"start":{"line":43,"column":2},"end":{"line":43,"column":2}},{"start":{"line":43,"column":2},"end":{"line":43,"column":2}}]}},"code":["'use strict';","","var _assign = require('babel-runtime/core-js/object/assign');","","var _assign2 = _interopRequireDefault(_assign);","","function _interopRequireDefault(obj) { return obj && obj.__esModule ? obj : { default: obj }; }","","var path = require('path');","","var baseConfig = {","  reportDir: './mochawesome-reports',","  reportFilename: 'mochawesome',","  reportTitle: process.cwd().split(path.sep).pop(),","  reportPageTitle: 'Mochawesome Report Card',","  inlineAssets: false,","  autoOpen: false,","  enableCharts: true,","  enableCode: true,","  quiet: false,","  dev: false","};","","function _getOption(optToGet, options, isBool) {","  var envVar = 'MOCHAWESOME_' + optToGet.toUpperCase();","  // Order of precedence","  // 1. Config option","  // 2. Environment variable","  // 3. Base config","  if (options && typeof options[optToGet] !== 'undefined') {","    return isBool && typeof options[optToGet] === 'string' ? options[optToGet] === 'true' : options[optToGet];","  }","  if (typeof process.env[envVar] !== 'undefined') {","    return isBool ? process.env[envVar] === 'true' : process.env[envVar];","  }","  return baseConfig[optToGet];","}","","module.exports = function (opts) {","  var options = {};","","  // Added for compatibility. enableTestCode option is deprecated as of 2.0.3","  if (Object.hasOwnProperty.call(opts, 'enableTestCode')) {","    opts.enableCode = opts.enableTestCode;","    delete opts.enableTestCode;","  }","","  options.reportFilename = _getOption('reportFilename', opts);","  options.reportDir = path.resolve(_getOption('reportDir', opts));","  options.reportTitle = _getOption('reportTitle', opts);","  options.reportPageTitle = _getOption('reportPageTitle', opts);","  options.inlineAssets = _getOption('inlineAssets', opts, true);","  options.autoOpen = _getOption('autoOpen', opts, true);","  options.enableCharts = _getOption('enableCharts', opts, true);","  options.enableCode = _getOption('enableCode', opts, true);","  options.quiet = _getOption('quiet', opts, true);","  options.dev = _getOption('dev', opts, true);","","  // Report Files","  options.reportJsonFile = path.join(options.reportDir, options.reportFilename + '.json');","  options.reportHtmlFile = path.join(options.reportDir, options.reportFilename + '.html');","","  return (0, _assign2.default)(baseConfig, options);","};"],"l":{"3":1,"5":1,"7":1,"9":1,"11":1,"24":1,"25":0,"30":0,"31":0,"33":0,"34":0,"36":0,"39":1,"40":0,"43":0,"44":0,"45":0,"48":0,"49":0,"50":0,"51":0,"52":0,"53":0,"54":0,"55":0,"56":0,"57":0,"60":0,"61":0,"63":0}},"/home/travis/build/npmtest/node-npmtest-mochawesome/node_modules/mochawesome-report-generator/lib/main.js":{"path":"/home/travis/build/npmtest/node-npmtest-mochawesome/node_modules/mochawesome-report-generator/lib/main.js","s":{"1":1,"2":0,"3":0,"4":1,"5":1,"6":1,"7":1,"8":1,"9":1,"10":1,"11":1,"12":1,"13":1,"14":1,"15":0,"16":0,"17":0,"18":1,"19":0,"20":0,"21":0,"22":1,"23":0,"24":1,"25":0,"26":0,"27":0,"28":0,"29":0,"30":0,"31":1,"32":0,"33":1,"34":0,"35":0,"36":0,"37":0,"38":0,"39":0,"40":0,"41":0,"42":0,"43":0,"44":1,"45":0,"46":1,"47":0,"48":0,"49":0,"50":0,"51":0,"52":0,"53":0,"54":0,"55":0,"56":0,"57":0,"58":0,"59":1,"60":0,"61":0,"62":0,"63":1,"64":0,"65":0,"66":0,"67":0,"68":1},"b":{"1":[1,0],"2":[1,1],"3":[0,0],"4":[0,0,0,0],"5":[0,0],"6":[0,0],"7":[0,0],"8":[0,0],"9":[0,0],"10":[0,0],"11":[0,0],"12":[0,0],"13":[0,0],"14":[0,0],"15":[0,0],"16":[0,0],"17":[0,0]},"f":{"1":0,"2":0,"3":0,"4":0,"5":0,"6":0,"7":0,"8":0,"9":0,"10":0,"11":0,"12":0,"13":0,"14":0,"15":0,"16":0,"17":0},"fnMap":{"1":{"name":"(anonymous_1)","line":3,"loc":{"start":{"line":3,"column":84},"end":{"line":3,"column":99}}},"2":{"name":"(anonymous_2)","line":3,"loc":{"start":{"line":3,"column":124},"end":{"line":3,"column":139}}},"3":{"name":"saveFile","line":25,"loc":{"start":{"line":25,"column":0},"end":{"line":25,"column":34}}},"4":{"name":"(anonymous_4)","line":26,"loc":{"start":{"line":26,"column":21},"end":{"line":26,"column":48}}},"5":{"name":"(anonymous_5)","line":27,"loc":{"start":{"line":27,"column":34},"end":{"line":27,"column":49}}},"6":{"name":"openFile","line":40,"loc":{"start":{"line":40,"column":0},"end":{"line":40,"column":28}}},"7":{"name":"(anonymous_7)","line":41,"loc":{"start":{"line":41,"column":21},"end":{"line":41,"column":48}}},"8":{"name":"(anonymous_8)","line":42,"loc":{"start":{"line":42,"column":27},"end":{"line":42,"column":42}}},"9":{"name":"loadFile","line":55,"loc":{"start":{"line":55,"column":0},"end":{"line":55,"column":28}}},"10":{"name":"getOptions","line":67,"loc":{"start":{"line":67,"column":0},"end":{"line":67,"column":26}}},"11":{"name":"getAssets","line":91,"loc":{"start":{"line":91,"column":0},"end":{"line":91,"column":21}}},"12":{"name":"copyAssets","line":112,"loc":{"start":{"line":112,"column":0},"end":{"line":112,"column":26}}},"13":{"name":"renderHtml","line":140,"loc":{"start":{"line":140,"column":0},"end":{"line":140,"column":52}}},"14":{"name":"prepare","line":152,"loc":{"start":{"line":152,"column":0},"end":{"line":152,"column":35}}},"15":{"name":"create","line":191,"loc":{"start":{"line":191,"column":0},"end":{"line":191,"column":28}}},"16":{"name":"(anonymous_16)","line":197,"loc":{"start":{"line":197,"column":45},"end":{"line":197,"column":57}}},"17":{"name":"createSync","line":209,"loc":{"start":{"line":209,"column":0},"end":{"line":209,"column":32}}}},"statementMap":{"1":{"start":{"line":3,"column":0},"end":{"line":3,"column":269}},"2":{"start":{"line":3,"column":101},"end":{"line":3,"column":119}},"3":{"start":{"line":3,"column":141},"end":{"line":3,"column":266}},"4":{"start":{"line":5,"column":0},"end":{"line":5,"column":29}},"5":{"start":{"line":6,"column":0},"end":{"line":6,"column":27}},"6":{"start":{"line":7,"column":0},"end":{"line":7,"column":29}},"7":{"start":{"line":8,"column":0},"end":{"line":8,"column":31}},"8":{"start":{"line":9,"column":0},"end":{"line":9,"column":62}},"9":{"start":{"line":10,"column":0},"end":{"line":10,"column":38}},"10":{"start":{"line":11,"column":0},"end":{"line":11,"column":37}},"11":{"start":{"line":13,"column":0},"end":{"line":13,"column":49}},"12":{"start":{"line":14,"column":0},"end":{"line":14,"column":61}},"13":{"start":{"line":15,"column":0},"end":{"line":15,"column":65}},"14":{"start":{"line":25,"column":0},"end":{"line":31,"column":1}},"15":{"start":{"line":26,"column":2},"end":{"line":30,"column":5}},"16":{"start":{"line":27,"column":4},"end":{"line":29,"column":7}},"17":{"start":{"line":28,"column":6},"end":{"line":28,"column":56}},"18":{"start":{"line":40,"column":0},"end":{"line":46,"column":1}},"19":{"start":{"line":41,"column":2},"end":{"line":45,"column":5}},"20":{"start":{"line":42,"column":4},"end":{"line":44,"column":7}},"21":{"start":{"line":43,"column":6},"end":{"line":43,"column":56}},"22":{"start":{"line":55,"column":0},"end":{"line":57,"column":1}},"23":{"start":{"line":56,"column":2},"end":{"line":56,"column":43}},"24":{"start":{"line":67,"column":0},"end":{"line":84,"column":1}},"25":{"start":{"line":68,"column":2},"end":{"line":68,"column":31}},"26":{"start":{"line":69,"column":2},"end":{"line":75,"column":4}},"27":{"start":{"line":76,"column":2},"end":{"line":76,"column":62}},"28":{"start":{"line":80,"column":2},"end":{"line":82,"column":3}},"29":{"start":{"line":81,"column":4},"end":{"line":81,"column":110}},"30":{"start":{"line":83,"column":2},"end":{"line":83,"column":23}},"31":{"start":{"line":91,"column":0},"end":{"line":96,"column":1}},"32":{"start":{"line":92,"column":2},"end":{"line":95,"column":4}},"33":{"start":{"line":112,"column":0},"end":{"line":128,"column":1}},"34":{"start":{"line":113,"column":2},"end":{"line":113,"column":54}},"35":{"start":{"line":114,"column":2},"end":{"line":114,"column":45}},"36":{"start":{"line":115,"column":2},"end":{"line":127,"column":3}},"37":{"start":{"line":116,"column":4},"end":{"line":116,"column":46}},"38":{"start":{"line":118,"column":4},"end":{"line":126,"column":5}},"39":{"start":{"line":119,"column":6},"end":{"line":119,"column":61}},"40":{"start":{"line":120,"column":6},"end":{"line":120,"column":55}},"41":{"start":{"line":121,"column":6},"end":{"line":123,"column":7}},"42":{"start":{"line":122,"column":8},"end":{"line":122,"column":50}},"43":{"start":{"line":125,"column":6},"end":{"line":125,"column":48}},"44":{"start":{"line":140,"column":0},"end":{"line":142,"column":1}},"45":{"start":{"line":141,"column":2},"end":{"line":141,"column":115}},"46":{"start":{"line":152,"column":0},"end":{"line":181
[...]
":195,"type":"binary-expr","locations":[{"start":{"line":195,"column":19},"end":{"line":195,"column":29}},{"start":{"line":195,"column":33},"end":{"line":195,"column":35}}]},"32":{"line":196,"type":"cond-expr","locations":[{"start":{"line":196,"column":28},"end":{"line":196,"column":65}},{"start":{"line":196,"column":68},"end":{"line":196,"column":70}}]},"33":{"line":213,"type":"binary-expr","locations":[{"start":{"line":213,"column":20},"end":{"line":213,"column":30}},{"start":{"line":213,"column":34},"end":{"line":213,"column":56}}]},"34":{"line":231,"type":"if","locations":[{"start":{"line":231,"column":4},"end":{"line":231,"column":4}},{"start":{"line":231,"column":4},"end":{"line":231,"column":4}}]},"35":{"line":234,"type":"if","locations":[{"start":{"line":234,"column":4},"end":{"line":234,"column":4}},{"start":{"line":234,"column":4},"end":{"line":234,"column":4}}]},"36":{"line":256,"type":"cond-expr","locations":[{"start":{"line":256,"column":28},"end":{"line":256,"column":41}},{"start":{"line":256,"column":44},"end":{"line":256,"column":55}}]}},"code":["'use strict';","","var _promise = require('babel-runtime/core-js/promise');","","var _promise2 = _interopRequireDefault(_promise);","","var _typeof2 = require('babel-runtime/helpers/typeof');","","var _typeof3 = _interopRequireDefault(_typeof2);","","function _interopRequireDefault(obj) { return obj && obj.__esModule ? obj : { default: obj }; }","","var fs = require('fs-extra');","var _ = require('lodash');","var chalk = require('chalk');","var uuid = require('uuid');","var mochaUtils = require('mocha/lib/utils');","var stringify = require('json-stringify-safe');","var diff = require('diff');","","/**"," * Return a classname based on percentage"," *"," * @param {String} msg - message to log"," * @param {String} level - log level [log, info, warn, error]"," * @param {Object} config - configuration object"," */","function log(msg, level, config) {","  // Don't log messages in quiet mode","  if (config && config.quiet) return;","  var logMethod = console[level] || console.log;","  var out = msg;","  if ((typeof msg === 'undefined' ? 'undefined' : (0, _typeof3.default)(msg)) === 'object') {","    out = stringify(msg, null, 2);","  }","  logMethod('[' + chalk.gray('mochawesome') + '] ' + out + '\\n');","}","","/**"," * Return a classname based on percentage"," *"," * @param {Integer} pct - percentage"," *"," * @return {String} classname"," */","function getPercentClass(pct) {","  if (pct <= 50) {","    return 'danger';","  } else if (pct > 50 && pct < 80) {","    return 'warning';","  } else {","    return 'success';","  }","}","","/**"," * Remove all properties from an object except"," * those that are in the propsToKeep array."," *"," * @param {Object} obj - object to remove props from"," * @param {Array} propsToKeep - properties to keep"," */","function removeAllPropsFromObjExcept(obj, propsToKeep) {","  _.forOwn(obj, function (val, prop) {","    if (propsToKeep.indexOf(prop) === -1) {","      delete obj[prop];","    }","  });","}","","/**"," * Strip the function definition from `str`,"," * and re-indent for pre whitespace."," *"," * @param {String} str - code in"," *"," * @return {String} cleaned code string"," */","function cleanCode(str) {","  str = str.replace(/\\r\\n?|[\\n\\u2028\\u2029]/g, '\\n').replace(/^\\uFEFF/, '').replace(/^function\\s*\\(.*\\)\\s*{|\\(.*\\)\\s*=>\\s*{?/, '').replace(/\\s*\\}$/, '');","","  var spaces = str.match(/^\\n?( *)/)[1].length;","  var tabs = str.match(/^\\n?(\\t*)/)[1].length;","  /* istanbul ignore next */","  var re = new RegExp('^\\n?' + (tabs ? '\\t' : ' ') + '{' + (tabs || spaces) + '}', 'gm');","","  str = str.replace(re, '');","  str = str.replace(/^\\s+|\\s+$/g, '');","  return str;","}","","/**"," * Return a plain-object representation of `test`"," * free of cyclic properties etc."," *"," * @param {Object} test"," *"," * @return {Object} cleaned test"," */","function cleanTest(test) {","  /**","   * Check that a / b have the same type.","   */","  function sameType(a, b) {","    var objToString = Object.prototype.toString;","    return objToString.call(a) === objToString.call(b);","  }","","  /* istanbul ignore next: test.fn exists prior to mocha 2.4.0 */","  var code = test.fn ? test.fn.toString() : test.body;","  var err = test.err || {};","  var actual = err.actual,","      expected = err.expected,","      showDiff = err.showDiff,","      stack = err.stack;","","","  if (code) {","    code = cleanCode(code);","  }","","  if (stack) {","    err.estack = err.stack;","  }","","  // Create diff for the error","  if (showDiff !== false && sameType(actual, expected) && expected !== undefined) {","    /* istanbul ignore if */","    if (!(_.isString(actual) && _.isString(expected))) {","      err.actual = mochaUtils.stringify(actual);","      err.expected = mochaUtils.stringify(expected);","    }","    err.diff = diff.createPatch('string', err.actual, err.expected).split('\\n').splice(4).map(function (line) {","      if (line.match(/@@/)) {","        return null;","      }","      if (line.match(/\\\\ No newline/)) {","        return null;","      }","      return line.replace(/^(-|\\+)/, '$1 ');","    }).filter(function (line) {","      return typeof line !== 'undefined' && line !== null;","    }).join('\\n');","  }","","  var cleaned = {","    title: test.title,","    fullTitle: _.isFunction(test.fullTitle) ? test.fullTitle() : /* istanbul ignore next */test.title,","    timedOut: test.timedOut,","    duration: test.duration || 0,","    state: test.state,","    speed: test.speed,","    pass: test.state === 'passed',","    fail: test.state === 'failed',","    pending: test.pending,","    context: stringify(test.context, null, 2),","    code: code,","    err: err,","    isRoot: test.parent && test.parent.root,","    uuid: test.uuid || /* istanbul ignore next: default */uuid.v4(),","    parentUUID: test.parent && test.parent.uuid","  };","","  cleaned.skipped = !cleaned.pass && !cleaned.fail && !cleaned.pending;","","  return cleaned;","}","","/**"," * Mutates the suite object to add properties needed to render"," * the template and remove unused properties."," *"," * @param {Object} suite"," * @param {Object} totalTestsRegistered"," * @param {Integer} totalTestsRegistered.total"," */","function cleanSuite(suite, totalTestsRegistered) {","  // console.log(stringify(suite));","  suite.uuid = uuid.v4();","","  var cleanTests = _.map(suite.tests, cleanTest);","  var passingTests = _.filter(cleanTests, { state: 'passed' });","  var failingTests = _.filter(cleanTests, { state: 'failed' });","  var pendingTests = _.filter(cleanTests, { pending: true });","  var skippedTests = _.filter(cleanTests, { skipped: true });","  var duration = 0;","","  _.each(cleanTests, function (test) {","    duration += test.duration;","  });","","  totalTestsRegistered.total += suite.tests.length;","","  suite.tests = cleanTests;","  suite.fullFile = suite.file || '';","  suite.file = suite.file ? suite.file.replace(process.cwd(), '') : '';","  suite.passes = passingTests;","  suite.failures = failingTests;","  suite.pending = pendingTests;","  suite.skipped = skippedTests;","  suite.hasTests = suite.tests.length > 0;","  suite.hasSuites = suite.suites.length > 0;","  suite.totalTests = suite.tests.length;","  suite.totalPasses = passingTests.length;","  suite.totalFailures = failingTests.length;","  suite.totalPending = pendingTests.length;","  suite.totalSkipped = skippedTests.length;","  suite.hasPasses = passingTests.length > 0;","  suite.hasFailures = failingTests.length > 0;","  suite.hasPending = pendingTests.length > 0;","  suite.hasSkipped = suite.skipped.length > 0;","  suite.duration = duration;","  suite.rootEmpty = suite.root && suite.totalTests === 0;","","  removeAllPropsFromObjExcept(suite, ['title', 'fullFile', 'file', 'tests', 'suites', 'passes', 'failures', 'pending', 'skipped', 'hasTests', 'hasSuites', 'totalTests', 'totalPasses', 'totalFailures', 'totalPending', 'totalSkipped', 'hasPasses', 'hasFailures', 'hasPending', 'hasSkipped', 'root', 'uuid', 'duration', 'rootEmpty', '_timeout']);","  // console.log(suite.suites[0].tests);","}","","/**"," * Do a breadth-first search to find"," * and format all nested 'suite' objects."," *"," * @param {Object} suite"," * @param {Object} totalTestsRegistered"," * @param {Integer} totalTestsRegistered.total"," */","function traverseSuites(suite, totalTestsRegistered) {","  var queue = [];","  var next = suite;","  while (next) {","    if (next.root) {","      cleanSuite(next, totalTestsRegistered);","    }","    if (next.suites.length) {","      _.each(next.suites, function (nextSuite, i) {","        cleanSuite(nextSuite, totalTestsRegistered);","        queue.push(nextSuite);","      });","    }","    next = queue.shift();","  }","}","","/**"," * Saves a file"," *"," * @param {String} filename"," * @param {String} data"," *"," * @return {Promise}"," */","","function saveFile(filename, data) {","  return new _promise2.default(function (resolve, reject) {","    fs.outputFile(filename, data, function (err) {","      return err === null ? resolve(true) : reject(err);","    });","  });","}","","module.exports = {","  log: log,","  getPercentClass: getPercentClass,","  removeAllPropsFromObjExcept: removeAllPropsFromObjExcept,","  cleanCode: cleanCode,","  cleanTest: cleanTest,","  cleanSuite: cleanSuite,","  traverseSuites: traverseSuites,","  saveFile: saveFile","};"],"l":{"3":1,"5":1,"7":1,"9":1,"11":2,"13":1,"14":1,"15":1,"16":1,"17":1,"18":1,"19":1,"28":1,"30":0,"31":0,"32":0,"33":0,"34":0,"36":0,"46":1,"47":0,"48":0,"49":0,"50":0,"52":0,"63":1,"64":0,"65":0,"66":0,"79":1,"80":0,"82":0,"83":0,"85":1,"87":0,"88":0,"89":0,"100":1,"104":1,"105":0,"106":0,"110":1,"111":0,"112":0,"118":0,"119":0,"122":0,"123":0,"127":0,"129":0,"130":1,"131":1,"133":0,"134":0,"135":0,"137":0,"138":0,"140":0,"142":0,"146":0,"164":0,"166":0,"177":1,"179":0,"181":0,"182":0,"183":0,"184":0,"185":0,"186":0,"188":0,"189":0,"192":0,"194":0,"195":0,"196":0,"197":0,"198":0,"199":0,"200":0,"201":0,"202":0,"203":0,"204":0,"205":0,"206":0,"207":0,"208":0,"209":0,"210":0,"211":0,"212":0,"213":0,"215":0,"227":1,"228":0,"229":0,"230":0,"231":0,"232":0,"234":0,"235":0,"236":0,"237":0,"240":0,"253":1,"254":0,"255":0,"256":0,"261":1}},"/home/travis/build/npmtest/node-npmtest-mochawesome/node_modules/mochawesome/addContext.js":{"path":"/home/travis/build/npmtest/node-npmtest-mochawesome/node_modules/mochawesome/addContext.js","s":{"1":1},"b":{},"f":{},"fnMap":{},"statementMap":{"1":{"start":{"line":6,"column":0},"end":{"line":6,"column":46}}},"branchMap":{},"code":["/*"," * Export addContext function"," *"," */","","module.exports = require('./dist/addContext');",""],"l":{"6":1}},"/home/travis/build/npmtest/node-npmtest-mochawesome/node_modules/mochawesome/dist/addContext.js":{"path":"/home/travis/build/npmtest/node-npmtest-mochawesome/node_modules/mochawesome/dist/addContext.js","s":{"1":1,"2":1,"3":1,"4":1,"5":1,"6":1,"7":1,"8":1,"9":1,"10":1,"11":1,"12":0,"13":0,"14":0,"15":0,"16":0,"17":1,"18":0,"19":1,"20":0,"21":0,"22":0,"23":0,"24":0,"25":0,"26":0,"27":0,"28":0,"29":0,"30":0,"31":0,"32":0,"33":0,"34":0,"35":0,"36":1},"b":{"1":[1,0],"2":[1,1],"3":[0,0],"4":[0,0],"5":[0,0],"6":[0,0,0,0],"7":[0,0],"8":[0,0,0],"9":[0,0],"10":[0,0],"11":[0,0]},"f":{"1":1,"2":0,"3":0,"4":0},"fnMap":{"1":{"name":"_interopRequireDefault","line":7,"loc":{"start":{"line":7,"column":0},"end":{"line":7,"column":37}}},"2":{"name":"log","line":25,"loc":{"start":{"line":25,"column":0},"end":{"line":25,"column":25}},"skip":true},"3":{"name":"_isValidContext","line":34,"loc":{"start":{"line":34,"column":0},"end":{"line":34,"column":30}}},"4":{"name":"addContext","line":72,"loc":{"start":{"line":72,"column":17},"end":{"line":72,"column":39}}}},"statementMap":{"1":{"start":{"line":3,"column":0},"end":{"line":3,"column":55}},"2":{"start":{"line":5,"column":0},"end":{"line":5,"column":48}},"3":{"start":{"line":7,"column":0},"end":{"line":7,"column":95}},"4":{"start":{"line":7,"column":39},"end":{"line":7,"column":93}},"5":{"start":{"line":9,"column":0},"end":{"line":9,"column":42}},"6":{"start":{"line":10,"column":0},"end":{"line":10,"column":40}},"7":{"start":{"line":11,"column":0},"end":{"line":11,"column":29}},"8":{"start":{"line":12,"column":0},"end":{"line":12,"column":47}},"9":{"start":{"line":14,"column":0},"end":{"line":14,"column":42}},"10":{"start":{"line":15,"column":0},"end":{"line":18,"column":2}},"11":{"start":{"line":25,"column":0},"end":{"line":32,"column":1},"skip":true},"12":{"start":{"line":26,"column":2},"end":{"line":26,"column":48},"skip":true},"13":{"start":{"line":27,"column":2},"end":{"line":27,"column":16},"skip":true},"14":{"start":{"line":28,"column":2},"end":{"line":30,"column":3},"skip":true},"15":{"start":{"line":29,"column":4},"end":{"line":29,"column":34},"skip":true},"16":{"start":{"line":31,"column":2},"end":{"line":31,"column":65},"skip":true},"17":{"start":{"line":34,"column":0},"end":{"line":41,"column":1}},"18":{"start":{"line":40,"column":2},"end":{"line":40,"column":138}},"19":{"start":{"line":72,"column":0},"end":{"line":105,"column":2}},"20":{"start":{"line":73,"column":2},"end":{"line":75,"column":3}},"21":{"start":{"line":74,"column":4},"end":{"line":74,"column":33}},"22":{"start":{"line":78,"column":2},"end":{"line":81,"column":3}},"23":{"start":{"line":79,"column":4},"end":{"line":79,"column":38}},"24":{"start":{"line":80,"column":4},"end":{"line":80,"column":11}},"25":{"start":{"line":83,"column":2},"end":{"line":83,"column":20}},"26":{"start":{"line":86,"column":2},"end":{"line":89,"column":3}},"27":{"start":{"line":87,"column":4},"end":{"line":87,"column":74}},"28":{"start":{"line":88,"column":4},"end":{"line":88,"column":11}},"29":{"start":{"line":92,"column":2},"end":{"line":92,"column":26}},"30":{"start":{"line":95,"column":2},"end":{"line":104,"column":3}},"31":{"start":{"line":96,"column":4},"end":{"line":96,"column":23}},"32":{"start":{"line":97,"column":9},"end":{"line":104,"column":3}},"33":{"start":{"line":99,"column":4},"end":{"line":99,"column":27}},"34":{"start":{"line":102,"column":4},"end":{"line":102,"column":34}},"35":{"start":{"line":103,"column":4},"end":{"line":103,"column":27}},"36":{"start":{"line":107,"column":0},"end":{"line":107,"column":28}}},"branchMap":{"1":{"line":7,"type":"cond-expr","locations":[{"start":{"line":7,"column":70},"end":{"line":7,"column":73}},{"start":{"line":7,"column":76},"end":{"line":7,"column":92}}]},"2":{"line":7,"type":"binary-expr","locations":[{"start":{"line":7,"column":46},"end":{"line":7,"column":49}},{"start":{"line":7,"column":53},"end":{"line":7,"column":67}}]},"3":{"line":26,"type":"binary-expr","locations":[{"start":{"line":26,"column":18},"end":{"line":26,"column":32},"skip":true},{"start":{"line":26,"column":36},"end":{"line":26,"column":47},"skip":true}]},"4":{"line":28,"type":"if","locations":[{"start":{"line":28,"column":2},"end":{"line":28,"column":2},"skip":true},{"start":{"line":28,"column":2},"end":{"line":28,"column":2},"skip":true}]},"5":{"line":28,"type":"cond-expr","locations":[{"start":{"line":28,"column":36},"end":{"line":28,"column":47},"skip":true},{"start":{"line":28,"column":50},"end":{"line":28,"column":76},"skip":true}]},"6":{"line":40,"type":"binary-expr","locations":[{"start":{"line":40,"column":9},"end":{"line":40,"column":32}},{"start":{"line":40,"column":36},"end":{"line":40,"column":49}},{"start":{"line":40,"column":53},"end":{"line":40,"column":93}},{"start":{"line":40,"column":97},"end":{"line":40,"column":137}}]},"7":{"line":78,"type":"if","locations":[{"start":{"line":78,"column":2},"end":{"line":78,"column":2}},{"start":{"line":78,"column":2},"end":{"line":78,"column":2}}]},"8":{"line":78,"type":"binary-expr","locations":[{"start":{"line":78,"column":6},"end":{"line":78,"column":23}},{"start":{"line":78,"column":27},"end":{"line":78,"column":45}},{"start":{"line":78,"column":49},"end":{"line":78,"column":62}}]},"9":{"line":86,"type":"if","locations":[{"start":{"line":86,"column":2},"end":{"line":86,"column":2}},{"start":{"line":86,"column":2},"end":{"line":86,"column":2}}]},"10":{"line":95,"type":"if","locations":[{"start":{"line":95,"column":2},"end":{"line":95,"column":2}},{"start":{"line":95,"column":2},"end":{"line":95,"column":2}}]},"11":{"line":97,"type":"if","locations":[{"start":{"line":97,"column":9},"end":{"line":97,"column":9}},{"start":{"line":97,"column":9},"end":{"line":97,"column":9}}]}},"code":["'use strict';","","var _typeof2 = require('babel-runtime/helpers/typeof');","","var _typeof3 = _interopRequireDefault(_typeof2);","","function _interopRequireDefault(obj) { return obj && obj.__esModule ? obj : { default: obj }; }","","var isObject = require('lodash/isObject');","var isEmpty = require('lodash/isEmpty');","var chalk = require('chalk');","var stringify = require('json-stringify-safe');","","var errorPrefix = 'Error adding context:';","var ERRORS = {","  INVALID_ARGS: errorPrefix + ' Invalid arguments.',","  INVALID_CONTEXT: errorPrefix + ' Expected a string or an object of shape { title: string, value: any } but saw:'","};","","/**"," * HELPER FUNCTIONS"," */","","/* istanbul ignore next */","function log(msg, level) {","  var logMethod = console[level] || console.log;","  var out = msg;","  if ((typeof msg === 'undefined' ? 'undefined' : (0, _typeof3.default)(msg)) === 'object') {","    out = stringify(msg, null, 2);","  }","  logMethod('[' + chalk.gray('mochawesome') + '] ' + out + '\\n');","}","","function _isValidContext(ctx) {","  /*","   * Context is valid if any of the following are true:","   * 1. Type is string and it is not empty","   * 2. Type is object and it has properties 'title' and 'value'","   */","  return typeof ctx === 'string' && !isEmpty(ctx) || Object.hasOwnProperty.call(ctx, 'title') && Object.hasOwnProperty.call(ctx, 'value');","}","","/**"," * Add context to the test object so it can"," * be displayed in the mochawesome report"," *"," * @param {Object} test object"," * @param {String|Object} context to add"," *        If context is an object, it must have the shape:"," *        {"," *          title: string that is used as context title in the report"," *          value: the context that is to be added"," *        }"," *"," * Usage:"," *"," * it('should test something', function () {"," *   someFunctionThatTestsCode();"," *"," *   addContext(this, 'some context to add');"," *"," *   addContext(this, {"," *     title: 'Expected number of something'"," *     value: 42"," *   });"," *"," *   assert('something');"," * });"," *"," */","","var addContext = function addContext() {","  for (var _len = arguments.length, args = Array(_len), _key = 0; _key < _len; _key++) {","    args[_key] = arguments[_key];","  }","","  // Check args to see if we should bother continuing","  if (args.length !== 2 || !isObject(args[0]) || !args[0].test) {","    log(ERRORS.INVALID_ARGS, 'error');","    return;","  }","","  var ctx = args[1];","","  // Ensure that context meets the requirements","  if (!_isValidContext(ctx)) {","    log(ERRORS.INVALID_CONTEXT + '\\n' + stringify(ctx, null, 2), 'error');","    return;","  }","","  // Context is valid we can proceed","  var test = args[0].test;","","  // Test doesn't already have context -> set it","  if (!test.context) {","    test.context = ctx;","  } else if (Array.isArray(test.context)) {","    // Test has context and context is an array -> push new context","    test.context.push(ctx);","  } else {","    // Test has context and it is not an array -> make it an array, then push new context","    test.context = [test.context];","    test.context.push(ctx);","  }","};","","module.exports = addContext;"],"l":{"3":1,"5":1,"7":1,"9":1,"10":1,"11":1,"12":1,"14":1,"15":1,"25":1,"26":1,"27":1,"28":1,"29":1,"31":1,"34":1,"40":0,"72":1,"73":0,"74":0,"78":0,"79":0,"80":0,"83":0,"86":0,"87":0,"88":0,"92":0,"95":0,"96":0,"97":0,"99":0,"102":0,"103":0,"107":1}}}